2022-01-08 16:23:06.237  INFO 33957 --- [main] lavalink.server.Launcher                 : 

[32m       .  [31m _                  _ _       _    [32m__ _ _
[32m      /\\ [31m| | __ ___   ____ _| (_)_ __ | | __[32m\ \ \ \
[32m     ( ( )[31m| |/ _` \ \ / / _` | | | '_ \| |/ /[32m \ \ \ \
[32m      \\/ [31m| | (_| |\ V / (_| | | | | | |   < [32m  ) ) ) )
[32m       '  [31m|_|\__,_| \_/ \__,_|_|_|_| |_|_|\_\[32m / / / /
[0m    =========================================[32m/_/_/_/[0m

	Version:        3.4
	Build:          1257
	Build time:     26.10.2021 14:18:37 UTC
	Branch          master
	Commit:         a364833
	Commit time:    26.10.2021 14:15:20 UTC
	JVM:            11.0.13
	Lavaplayer      1.3.96-original

2022-01-08 16:23:06.385  INFO 33957 --- [main] lavalink.server.Launcher                 : Starting Launcher on lescent-Aspire-V5-591G with PID 33957 (/home/lescent/æ¡Œé¢/Catherine_DiscordBot/Lavalink.jar started by lescent in /home/lescent/æ¡Œé¢/Catherine_DiscordBot)
2022-01-08 16:23:06.386  INFO 33957 --- [main] lavalink.server.Launcher                 : No active profile set, falling back to default profiles: default
2022-01-08 16:23:06.549  WARN 33957 --- [background-preinit] o.s.h.c.j.Jackson2ObjectMapperBuilder    : For Jackson Kotlin classes support please add "com.fasterxml.jackson.module:jackson-module-kotlin" to the classpath
2022-01-08 16:23:07.566  WARN 33957 --- [main] io.undertow.websockets.jsr               : UT026010: Buffer pool was not set on WebSocketDeploymentInfo, the default pool will be used
2022-01-08 16:23:07.607  INFO 33957 --- [main] io.undertow.servlet                      : Initializing Spring embedded WebApplicationContext
2022-01-08 16:23:07.607  INFO 33957 --- [main] o.s.web.context.ContextLoader            : Root WebApplicationContext: initialization completed in 1162 ms
2022-01-08 16:23:07.994  WARN 33957 --- [main] l.server.config.SentryConfiguration      : Turning off sentry
2022-01-08 16:23:08.314  INFO 33957 --- [main] c.s.d.l.tools.GarbageCollectionMonitor   : GC monitoring enabled, reporting results every 2 minutes.
2022-01-08 16:23:08.493  INFO 33957 --- [main] lavalink.server.config.KoeConfiguration  : OS: Linux, Arch: amd64
2022-01-08 16:23:08.493  INFO 33957 --- [main] lavalink.server.config.KoeConfiguration  : Enabling JDA-NAS
2022-01-08 16:23:08.498  INFO 33957 --- [main] c.s.l.c.natives.NativeLibraryLoader      : Native library udpqueue: loading with filter null
2022-01-08 16:23:08.502  INFO 33957 --- [main] c.s.l.c.natives.NativeLibraryLoader      : Native library udpqueue: successfully loaded.
2022-01-08 16:23:08.739  INFO 33957 --- [main] o.s.s.concurrent.ThreadPoolTaskExecutor  : Initializing ExecutorService 'applicationTaskExecutor'
2022-01-08 16:23:09.066  INFO 33957 --- [main] org.xnio                                 : XNIO version 3.3.8.Final
2022-01-08 16:23:09.077  INFO 33957 --- [main] org.xnio.nio                             : XNIO NIO Implementation Version 3.3.8.Final
2022-01-08 16:23:09.144  INFO 33957 --- [main] o.s.b.w.e.u.UndertowServletWebServer     : Undertow started on port(s) 2333 (http) with context path ''
2022-01-08 16:23:09.148  INFO 33957 --- [main] lavalink.server.Launcher                 : Started Launcher in 3.557 seconds (JVM running for 4.332)
2022-01-08 16:23:09.150  INFO 33957 --- [main] lavalink.server.Launcher                 : You can safely ignore the big red warning about illegal reflection. See https://github.com/freyacodes/Lavalink/issues/295
2022-01-08 16:24:44.150  INFO 33957 --- [XNIO-1 task-1] io.undertow.servlet                      : Initializing Spring DispatcherServlet 'dispatcherServlet'
2022-01-08 16:24:44.150  INFO 33957 --- [XNIO-1 task-1] o.s.web.servlet.DispatcherServlet        : Initializing Servlet 'dispatcherServlet'
2022-01-08 16:24:44.159  INFO 33957 --- [XNIO-1 task-1] o.s.web.servlet.DispatcherServlet        : Completed initialization in 9 ms
2022-01-08 16:24:44.181  INFO 33957 --- [XNIO-1 task-1] l.server.io.HandshakeInterceptorImpl     : Incoming connection from /127.0.0.1:38296
2022-01-08 16:24:44.261  INFO 33957 --- [XNIO-1 task-1] lavalink.server.io.SocketServer          : Connection successfully established
2022-01-08 16:24:44.261  WARN 33957 --- [XNIO-1 task-1] lavalink.server.io.SocketServer          : Library developers: Please specify a 'Client-Name' header. User agent: Python/3.8 aiohttp/3.6.3
2022-01-08 16:26:30.081  INFO 33957 --- [XNIO-1 task-2] l.server.player.AudioLoaderRestHandler   : Got request to load for identifier "https://www.youtube.com/watch?v=kPBzTxZQG5Q&list=PLSE90cnmm065pmAscF7FSptpdGnBGDuXT&index=133"
2022-01-08 16:26:30.412  INFO 33957 --- [XNIO-1 I/O-4] lavalink.server.io.SocketServer          : {"op": "voiceUpdate", "guildId": "786026725968314389", "sessionId": "c0bcb7f4c2dc2aeb29819ded735563cb", "event": {"token": "8be1f3465ec1de50", "guild_id": "786026725968314389", "endpoint": "japan562.discord.media:443"}}
2022-01-08 16:26:30.908  INFO 33957 --- [lava-daemon-pool-info-loader-2-thread-1] lavalink.server.player.AudioLoader       : Loaded playlist ç‰›é€¼å…„å¼Ÿ
2022-01-08 16:26:30.951  INFO 33957 --- [XNIO-1 I/O-4] lavalink.server.io.SocketServer          : {"op": "play", "guildId": "786026725968314389", "track": "QAAAvgIAV+OAkO+8k+aciOOBruODqeOCpOOCquODs+OAkU9yaW9uLUFjb3VzdGljIEFycmFuZ2Ut44CU5q2M44Gj44Gm44G/44Gf44CV44CQTWFyaWXimIZGROOAkQAN55yf55KDTWFyaWVGRAAAAAAABGjoAAtrblVNYWcwSXUwZwABACtodHRwczovL3d3dy55b3V0dWJlLmNvbS93YXRjaD92PWtuVU1hZzBJdTBnAAd5b3V0dWJlAAAAAAAAAAA=", "noReplace": false, "startTime": "0"}
2022-01-08 16:26:48.517  INFO 33957 --- [XNIO-1 I/O-4] lavalink.server.io.SocketServer          : {"op": "stop", "guildId": "786026725968314389"}
2022-01-08 16:26:48.520  INFO 33957 --- [XNIO-1 I/O-4] lavalink.server.io.SocketServer          : {"op": "destroy", "guildId": "786026725968314389"}
2022-01-08 16:26:52.527  INFO 33957 --- [XNIO-1 task-4] l.server.player.AudioLoaderRestHandler   : Got request to load for identifier "https://www.youtube.com/watch?v=kPBzTxZQG5Q&list=PLSE90cnmm065pmAscF7FSptpdGnBGDuXT&index=133"
2022-01-08 16:26:52.884  INFO 33957 --- [XNIO-1 I/O-4] lavalink.server.io.SocketServer          : {"op": "voiceUpdate", "guildId": "786026725968314389", "sessionId": "c0bcb7f4c2dc2aeb29819ded735563cb", "event": {"token": "d442680a0ca716b2", "guild_id": "786026725968314389", "endpoint": "japan562.discord.media:443"}}
2022-01-08 16:26:52.984  INFO 33957 --- [lava-daemon-pool-info-loader-2-thread-1] lavalink.server.player.AudioLoader       : Loaded playlist ç‰›é€¼å…„å¼Ÿ
2022-01-08 16:26:53.012  INFO 33957 --- [XNIO-1 I/O-4] lavalink.server.io.SocketServer          : {"op": "play", "guildId": "786026725968314389", "track": "QAAAvgIAV+OAkO+8k+aciOOBruODqeOCpOOCquODs+OAkU9yaW9uLUFjb3VzdGljIEFycmFuZ2Ut44CU5q2M44Gj44Gm44G/44Gf44CV44CQTWFyaWXimIZGROOAkQAN55yf55KDTWFyaWVGRAAAAAAABGjoAAtrblVNYWcwSXUwZwABACtodHRwczovL3d3dy55b3V0dWJlLmNvbS93YXRjaD92PWtuVU1hZzBJdTBnAAd5b3V0dWJlAAAAAAAAAAA=", "noReplace": false, "startTime": "0"}
2022-01-08 16:31:42.591  INFO 33957 --- [XNIO-1 I/O-4] lavalink.server.io.SocketServer          : {"op": "play", "guildId": "786026725968314389", "track": "QAAAmgIAK1tIRC9DQ10gTmlnaHRjb3JlIC0gSXQncyBPSyDjgIwgTXMuT09KQSDjgI0AFeaEm+OBl+OBpuOCi+ODjeOCsuODtAAAAAAAA5ngAAtxODBuVDI5OWt4OAABACtodHRwczovL3d3dy55b3V0dWJlLmNvbS93YXRjaD92PXE4MG5UMjk5a3g4AAd5b3V0dWJlAAAAAAAAAAA=", "noReplace": false, "startTime": "0"}
2022-01-08 16:31:52.645  WARN 33957 --- [nioEventLoopGroup-2-11] lavalink.server.player.EventEmitter      : [HD/CC] Nightcore - It's OK ã€Œ Ms.OOJA ã€ got stuck! Threshold surpassed: 10000
2022-01-08 16:31:52.649  INFO 33957 --- [XNIO-1 I/O-4] lavalink.server.io.SocketServer          : {"op": "play", "guildId": "786026725968314389", "track": "QAAAdAIAEU1zIE9vamEgaXTigJlzIG9rAAlNcyBZdmV0dGUAAAAAAAP/cAALVWdGajQzS0tUd1UAAQAraHR0cHM6Ly93d3cueW91dHViZS5jb20vd2F0Y2g/dj1VZ0ZqNDNLS1R3VQAHeW91dHViZQAAAAAAAAAA", "noReplace": false, "startTime": "0"}
2022-01-08 16:31:52.652  INFO 33957 --- [XNIO-1 I/O-4] lavalink.server.io.SocketServer          : {"op": "play", "guildId": "786026725968314389", "track": "QAAAbAIADEFtZSBXbyBNYXRzdQAGTWluYW1pAAAAAAAEhEAAC1RGQUxkZzdIVUpVAAEAK2h0dHBzOi8vd3d3LnlvdXR1YmUuY29tL3dhdGNoP3Y9VEZBTGRnN0hVSlUAB3lvdXR1YmUAAAAAAAAAAA==", "noReplace": false, "startTime": "0"}
2022-01-08 16:31:52.656  INFO 33957 --- [XNIO-1 I/O-4] lavalink.server.io.SocketServer          : {"op": "play", "guildId": "786026725968314389", "track": "QAAAmQIAIeOBoOOBi+OCieWDleOBr+mfs+alveOCkui+nuOCgeOBnwAe44Oo44Or44K344KrIC8gbi1idW5hIE9mZmljaWFsAAAAAAADtTgACzY0ZnREWUpYY1RvAAEAK2h0dHBzOi8vd3d3LnlvdXR1YmUuY29tL3dhdGNoP3Y9NjRmdERZSlhjVG8AB3lvdXR1YmUAAAAAAAAAAA==", "noReplace": false, "startTime": "0"}
2022-01-08 16:31:52.660  INFO 33957 --- [XNIO-1 I/O-4] lavalink.server.io.SocketServer          : {"op": "play", "guildId": "786026725968314389", "track": "QAAAawIABUxvc2VyAAznsbPmtKXnjoTluKsAAAAAAAPA8AALd3BiMjJBZWhBVFUAAQAraHR0cHM6Ly93d3cueW91dHViZS5jb20vd2F0Y2g/dj13cGIyMkFlaEFUVQAHeW91dHViZQAAAAAAAAAA", "noReplace": false, "startTime": "0"}
2022-01-08 16:31:52.666  INFO 33957 --- [XNIO-1 I/O-4] lavalink.server.io.SocketServer          : {"op": "play", "guildId": "786026725968314389", "track": "QAAAewIAFEphcGFuZXNlIEJlc3QgRnJpZW5kAA1kYTIyYSAtIFRvcGljAAAAAAAEeIgAC0dGcVFETlJhNUNBAAEAK2h0dHBzOi8vd3d3LnlvdXR1YmUuY29tL3dhdGNoP3Y9R0ZxUUROUmE1Q0EAB3lvdXR1YmUAAAAAAAAAAA==", "noReplace": false, "startTime": "0"}
2022-01-08 16:31:52.669  INFO 33957 --- [XNIO-1 I/O-4] lavalink.server.io.SocketServer          : {"op": "play", "guildId": "786026725968314389", "track": "QAAAdQIAFOODkuODkOODiiAtUmVsb2FkZWQtAAdERUNPKjI3AAAAAAADKJgAC1JXa1B3NUxfb1AwAAEAK2h0dHBzOi8vd3d3LnlvdXR1YmUuY29tL3dhdGNoP3Y9UldrUHc1TF9vUDAAB3lvdXR1YmUAAAAAAAAAAA==", "noReplace": false, "startTime": "0"}
2022-01-08 16:31:52.671  INFO 33957 --- [XNIO-1 I/O-4] lavalink.server.io.SocketServer          : {"op": "play", "guildId": "786026725968314389", "track": "QAAAbgIADOaBi+aEm+ijgeWIpAAINDBtZXRlclAAAAAAAANbYAALX0NvdmNFOExRalUAAQAraHR0cHM6Ly93d3cueW91dHViZS5jb20vd2F0Y2g/dj1fQ292Y0U4TFFqVQAHeW91dHViZQAAAAAAAAAA", "noReplace": false, "startTime": "0"}
2022-01-08 16:31:52.673  INFO 33957 --- [XNIO-1 I/O-4] lavalink.server.io.SocketServer          : {"op": "play", "guildId": "786026725968314389", "track": "QAAAfgIABua2iOWksQAeY29zTW9AYm91c291UCBPZmZpY2lhbCBDaGFubmVsAAAAAAAEcLgAC3UwWXdhVEI5aDhNAAEAK2h0dHBzOi8vd3d3LnlvdXR1YmUuY29tL3dhdGNoP3Y9dTBZd2FUQjloOE0AB3lvdXR1YmUAAAAAAAAAAA==", "noReplace": false, "startTime": "0"}
2022-01-08 16:31:52.675  INFO 33957 --- [XNIO-1 I/O-4] lavalink.server.io.SocketServer          : {"op": "play", "guildId": "786026725968314389", "track": "QAAAdgIAFeOCtOODvOOCueODiOODq+ODvOODqwAHREVDTyoyNwAAAAAAAzRQAAtXSkREaEg5bzdlNAABACtodHRwczovL3d3dy55b3V0dWJlLmNvbS93YXRjaD92PVdKRERoSDlvN2U0AAd5b3V0dWJlAAAAAAAAAAA=", "noReplace": false, "startTime": "0"}
2022-01-08 16:31:52.678  INFO 33957 --- [XNIO-1 I/O-4] lavalink.server.io.SocketServer          : {"op": "play", "guildId": "786026725968314389", "track": "QAAAiQIAG+ODmeODjuODoO+8iGZlYXQuIGZsb3dlcu+8iQAUS2FpcmlraSBCZWFyIC0gVG9waWMAAAAAAAMc4AALN1pmT2NNRjRzaUkAAQAraHR0cHM6Ly93d3cueW91dHViZS5jb20vd2F0Y2g/dj03WmZPY01GNHNpSQAHeW91dHViZQAAAAAAAAAA", "noReplace": false, "startTime": "0"}
2022-01-08 16:31:52.680  INFO 33957 --- [XNIO-1 I/O-4] lavalink.server.io.SocketServer          : {"op": "play", "guildId": "786026725968314389", "track": "QAAAbQIADOS5meWls+ino+WJlgAHREVDTyoyNwAAAAAAA2sAAAt0TlFteUk1UjNSWQABACtodHRwczovL3d3dy55b3V0dWJlLmNvbS93YXRjaD92PXROUW15STVSM1JZAAd5b3V0dWJlAAAAAAAAAAA=", "noReplace": false, "startTime": "0"}
2022-01-08 16:31:52.682  INFO 33957 --- [XNIO-1 I/O-4] lavalink.server.io.SocketServer          : {"op": "play", "guildId": "786026725968314389", "track": "QAAAhgIAKOWKo+etieS4iuetiSBmZWF0LiDpj6Hpn7Pjg6rjg7Pjg7vjg6zjg7MABEdpZ2EAAAAAAAOZ4AALSWRla0ZkM0Q2cTgAAQAraHR0cHM6Ly93d3cueW91dHViZS5jb20vd2F0Y2g/dj1JZGVrRmQzRDZxOAAHeW91dHViZQAAAAAAAAAA", "noReplace": false, "startTime": "0"}
2022-01-08 16:31:52.694  INFO 33957 --- [XNIO-1 I/O-4] lavalink.server.io.SocketServer          : {"op": "play", "guildId": "786026725968314389", "track": "QAAAiwIAHuWNg+acrOahnCAoZmVhdC4gSGF0c3VuZSBNaWt1KQATV2hpdGVGbGFtZSBvZmZpY2lhbAAAAAAAA9xIAAtuSEdXX3dVZnFrUQABACtodHRwczovL3d3dy55b3V0dWJlLmNvbS93YXRjaD92PW5IR1dfd1VmcWtRAAd5b3V0dWJlAAAAAAAAAAA=", "noReplace": false, "startTime": "0"}
2022-01-08 16:31:52.704  INFO 33957 --- [XNIO-1 I/O-4] lavalink.server.io.SocketServer          : {"op": "play", "guildId": "786026725968314389", "track": "QAAAbgIACeWkqeODjuW8sQALMTY0IC0gVG9waWMAAAAAAALaeAALVUx0N3EwRWRBUm8AAQAraHR0cHM6Ly93d3cueW91dHViZS5jb20vd2F0Y2g/dj1VTHQ3cTBFZEFSbwAHeW91dHViZQAAAAAAAAAA", "noReplace": false, "startTime": "0"}
2022-01-08 16:31:52.711  INFO 33957 --- [XNIO-1 I/O-4] lavalink.server.io.SocketServer          : {"op": "play", "guildId": "786026725968314389", "track": "QAAAbQIADOaEm+iogOiRiUlJSQAHREVDTyoyNwAAAAAAA8TYAAtqaDRocXM2d2tEYwABACtodHRwczovL3d3dy55b3V0dWJlLmNvbS93YXRjaD92PWpoNGhxczZ3a0RjAAd5b3V0dWJlAAAAAAAAAAA=", "noReplace": false, "startTime": "0"}
2022-01-08 16:31:52.718  INFO 33957 --- [XNIO-1 I/O-4] lavalink.server.io.SocketServer          : {"op": "play", "guildId": "786026725968314389", "track": "QAAAdgIAEkRBWUJSRUFLIEZST05UTElORQAKT3Jhbmdlc3RhcgAAAAAAA0+oAAs2SW81QjZfajdLNAABACtodHRwczovL3d3dy55b3V0dWJlLmNvbS93YXRjaD92PTZJbzVCNl9qN0s0AAd5b3V0dWJlAAAAAAAAAAA=", "noReplace": false, "startTime": "0"}
2022-01-08 16:31:52.720  INFO 33957 --- [XNIO-1 I/O-4] lavalink.server.io.SocketServer          : {"op": "play", "guildId": "786026725968314389", "track": "QAAAcwIAEuOCsOODg+ODkOOCpOWuo+iogAAHQ2hpbm96bwAAAAAAAqPIAAt2Zkxmb25FZW95TQABACtodHRwczovL3d3dy55b3V0dWJlLmNvbS93YXRjaD92PXZmTGZvbkVlb3lNAAd5b3V0dWJlAAAAAAAAAAA=", "noReplace": false, "startTime": "0"}
2022-01-08 16:31:52.721  INFO 33957 --- [XNIO-1 I/O-4] lavalink.server.io.SocketServer          : {"op": "play", "guildId": "786026725968314389", "track": "QAAAigIAEuOBn+OBoOWQm+OBq+aZtOOCjAAe44Oo44Or44K344KrIC8gbi1idW5hIE9mZmljaWFsAAAAAAADCVgAC1pkem9MQ0xsaVcwAAEAK2h0dHBzOi8vd3d3LnlvdXR1YmUuY29tL3dhdGNoP3Y9WmR6b0xDTGxpVzAAB3lvdXR1YmUAAAAAAAAAAA==", "noReplace": false, "startTime": "0"}
2022-01-08 16:31:52.723  INFO 33957 --- [XNIO-1 I/O-4] lavalink.server.io.SocketServer          : {"op": "play", "guildId": "786026725968314389", "track": "QAAAkQIAJOOBoOOCjOOBi+OBruW/g+iHk+OBq+OBquOCjOOBn+OBquOCiQATWVVSUlkgQ0FOT04gLSBUb3BpYwAAAAAAA4pAAAtubVRQVHFXWlUxdwABACtodHRwczovL3d3dy55b3V0dWJlLmNvbS93YXRjaD92PW5tVFBUcVdaVTF3AAd5b3V0dWJlAAAAAAAAAAA=", "noReplace": false, "startTime": "0"}
2022-01-08 16:31:52.725  INFO 33957 --- [XNIO-1 I/O-4] lavalink.server.io.SocketServer          : {"op": "play", "guildId": "786026725968314389", "track": "QAAAcAIACeesrOWFreaEnwANUmVvbCBPZmZpY2lhbAAAAAAAAu4AAAtLSmpWZ3BDbWlrcwABACtodHRwczovL3d3dy55b3V0dWJlLmNvbS93YXRjaD92PUtKalZncENtaWtzAAd5b3V0dWJlAAAAAAAAAAA=", "noReplace": false, "startTime": "0"}
2022-01-08 16:31:52.728  INFO 33957 --- [XNIO-1 I/O-4] lavalink.server.io.SocketServer          : {"op": "play", "guildId": "786026725968314389", "track": "QAAAcwIADFlvaXlvaSBLb2tvbgANUmVvbCBPZmZpY2lhbAAAAAAAA+/QAAtNX0k2dEFTcm53awABACtodHRwczovL3d3dy55b3V0dWJlLmNvbS93YXRjaD92PU1fSTZ0QVNybndrAAd5b3V0dWJlAAAAAAAAAAA=", "noReplace": false, "startTime": "0"}
2022-01-08 16:31:52.742  INFO 33957 --- [XNIO-1 I/O-4] lavalink.server.io.SocketServer          : {"op": "play", "guildId": "786026725968314389", "track": "QAAAbQIABueZveWknAANUmVvbCBPZmZpY2lhbAAAAAAAA9hgAAtQdFRnZ1IwZ1FyUQABACtodHRwczovL3d3dy55b3V0dWJlLmNvbS93YXRjaD92PVB0VGdnUjBnUXJRAAd5b3V0dWJlAAAAAAAAAAA=", "noReplace": false, "startTime": "0"}
2022-01-08 16:31:52.756  INFO 33957 --- [XNIO-1 I/O-4] lavalink.server.io.SocketServer          : {"op": "play", "guildId": "786026725968314389", "track": "QAAAcAIACemHkeWtl+WhlAANUmVvbCBPZmZpY2lhbAAAAAAAAyyAAAtfODdtcHo3LTVhOAABACtodHRwczovL3d3dy55b3V0dWJlLmNvbS93YXRjaD92PV84N21wejctNWE4AAd5b3V0dWJlAAAAAAAAAAA=", "noReplace": false, "startTime": "0"}
2022-01-08 16:31:52.758  INFO 33957 --- [XNIO-1 I/O-4] lavalink.server.io.SocketServer          : {"op": "play", "guildId": "786026725968314389", "track": "QAAAdgIAD+ODj+ODvOODoeODq+ODswANUmVvbCBPZmZpY2lhbAAAAAAAAw1AAAs5RTQ0TGxnbl9zQQABACtodHRwczovL3d3dy55b3V0dWJlLmNvbS93YXRjaD92PTlFNDRMbGduX3NBAAd5b3V0dWJlAAAAAAAAAAA=", "noReplace": false, "startTime": "0"}
2022-01-08 16:31:52.772  INFO 33957 --- [XNIO-1 I/O-4] lavalink.server.io.SocketServer          : {"op": "play", "guildId": "786026725968314389", "track": "QAAAawIABDFMREsADVJlb2wgT2ZmaWNpYWwAAAAAAAOV+AALcHdNUVRmbGtwVlEAAQAraHR0cHM6Ly93d3cueW91dHViZS5jb20vd2F0Y2g/dj1wd01RVGZsa3BWUQAHeW91dHViZQAAAAAAAAAA", "noReplace": false, "startTime": "0"}
2022-01-08 16:31:52.780  INFO 33957 --- [XNIO-1 I/O-4] lavalink.server.io.SocketServer          : {"op": "play", "guildId": "786026725968314389", "track": "QAAAagIAA1JlOgANUmVvbCBPZmZpY2lhbAAAAAAAAxzgAAtZMi0zT2c2VklkcwABACtodHRwczovL3d3dy55b3V0dWJlLmNvbS93YXRjaD92PVkyLTNPZzZWSWRzAAd5b3V0dWJlAAAAAAAAAAA=", "noReplace": false, "startTime": "0"}
2022-01-08 16:31:52.783  INFO 33957 --- [XNIO-1 I/O-4] lavalink.server.io.SocketServer          : {"op": "play", "guildId": "786026725968314389", "track": "QAAAbgIAB0x1bmF0aWMADVJlb2wgT2ZmaWNpYWwAAAAAAAMFcAALUDBsX2VnOHB5d1UAAQAraHR0cHM6Ly93d3cueW91dHViZS5jb20vd2F0Y2g/dj1QMGxfZWc4cHl3VQAHeW91dHViZQAAAAAAAAAA", "noReplace": false, "startTime": "0"}
2022-01-08 16:31:52.787  INFO 33957 --- [XNIO-1 I/O-4] lavalink.server.io.SocketServer          : {"op": "play", "guildId": "786026725968314389", "track": "QAAAdAIADS1GaW5hbCBTaWdtYS0ADVJlb2wgT2ZmaWNpYWwAAAAAAAHM8AALMnprc0VLNVJJWkkAAQAraHR0cHM6Ly93d3cueW91dHViZS5jb20vd2F0Y2g/dj0yemtzRUs1UklaSQAHeW91dHViZQAAAAAAAAAA", "noReplace": false, "startTime": "0"}
2022-01-08 16:31:52.790  INFO 33957 --- [XNIO-1 I/O-4] lavalink.server.io.SocketServer          : {"op": "play", "guildId": "786026725968314389", "track": "QAAAdAIADTQwNCBOb3QgRm91bmQADVJlb2wgT2ZmaWNpYWwAAAAAAAO9CAALTWdkLXJQc3JkUW8AAQAraHR0cHM6Ly93d3cueW91dHViZS5jb20vd2F0Y2g/dj1NZ2QtclBzcmRRbwAHeW91dHViZQAAAAAAAAAA", "noReplace": false, "startTime": "0"}
2022-01-08 16:31:52.792  INFO 33957 --- [XNIO-1 I/O-4] lavalink.server.io.SocketServer          : {"op": "play", "guildId": "786026725968314389", "track": "QAAAcAIACeOCqOODs+ODiQANUmVvbCBPZmZpY2lhbAAAAAAABIwQAAtKMlZ6UUtHNy1KdwABACtodHRwczovL3d3dy55b3V0dWJlLmNvbS93YXRjaD92PUoyVnpRS0c3LUp3AAd5b3V0dWJlAAAAAAAAAAA=", "noReplace": false, "startTime": "0"}
2022-01-08 16:31:52.810  INFO 33957 --- [XNIO-1 I/O-4] lavalink.server.io.SocketServer          : {"op": "play", "guildId": "786026725968314389", "track": "QAAAcAIACeW5s+mdoumPoQANUmVvbCBPZmZpY2lhbAAAAAAAAvm4AAsyUFJRVWxpQ0NJVQABACtodHRwczovL3d3dy55b3V0dWJlLmNvbS93YXRjaD92PTJQUlFVbGlDQ0lVAAd5b3V0dWJlAAAAAAAAAAA=", "noReplace": false, "startTime": "0"}
2022-01-08 16:31:52.819  INFO 33957 --- [XNIO-1 I/O-4] lavalink.server.io.SocketServer          : {"op": "play", "guildId": "786026725968314389", "track": "QAAAcAIACeOCq+ODq+ODiAANUmVvbCBPZmZpY2lhbAAAAAAABCaAAAtwV2h4S1VJQVhhNAABACtodHRwczovL3d3dy55b3V0dWJlLmNvbS93YXRjaD92PXBXaHhLVUlBWGE0AAd5b3V0dWJlAAAAAAAAAAA=", "noReplace": false, "startTime": "0"}
2022-01-08 16:31:52.820  INFO 33957 --- [XNIO-1 I/O-4] lavalink.server.io.SocketServer          : {"op": "play", "guildId": "786026725968314389", "track": "QAAAcAIACeOCpuODhuODigANUmVvbCBPZmZpY2lhbAAAAAAAAwlYAAtxS2lKRW15enhKNAABACtodHRwczovL3d3dy55b3V0dWJlLmNvbS93YXRjaD92PXFLaUpFbXl6eEo0AAd5b3V0dWJlAAAAAAAAAAA=", "noReplace": false, "startTime": "0"}
2022-01-08 16:31:52.822  INFO 33957 --- [XNIO-1 I/O-4] lavalink.server.io.SocketServer          : {"op": "play", "guildId": "786026725968314389", "track": "QAAAcAIACeWksealveWckgANUmVvbCBPZmZpY2lhbAAAAAAAA+QYAAs5a2xQUkxjblZiSQABACtodHRwczovL3d3dy55b3V0dWJlLmNvbS93YXRjaD92PTlrbFBSTGNuVmJJAAd5b3V0dWJlAAAAAAAAAAA=", "noReplace": false, "startTime": "0"}
2022-01-08 16:31:52.824  INFO 33957 --- [XNIO-1 I/O-4] lavalink.server.io.SocketServer          : {"op": "play", "guildId": "786026725968314389", "track": "QAAAcwIADOOCteOCpOOCteOCrQANUmVvbCBPZmZpY2lhbAAAAAAAA1OQAAtZOW54Qk9XYzhjMAABACtodHRwczovL3d3dy55b3V0dWJlLmNvbS93YXRjaD92PVk5bnhCT1djOGMwAAd5b3V0dWJlAAAAAAAAAAA=", "noReplace": false, "startTime": "0"}
2022-01-08 16:31:52.828  INFO 33957 --- [XNIO-1 I/O-4] lavalink.server.io.SocketServer          : {"op": "play", "guildId": "786026725968314389", "track": "QAAAbQIABua/gOeZvQANUmVvbCBPZmZpY2lhbAAAAAAAAyiYAAttbmEyMUdLQ2FTVQABACtodHRwczovL3d3dy55b3V0dWJlLmNvbS93YXRjaD92PW1uYTIxR0tDYVNVAAd5b3V0dWJlAAAAAAAAAAA=", "noReplace": false, "startTime": "0"}
2022-01-08 16:31:52.829  INFO 33957 --- [XNIO-1 I/O-4] lavalink.server.io.SocketServer          : {"op": "play", "guildId": "786026725968314389", "track": "QAAAcwIADOWNgeS4reWFq+S5nQANUmVvbCBPZmZpY2lhbAAAAAAAA3LQAAs4UGlDc3lDZXhSQQABACtodHRwczovL3d3dy55b3V0dWJlLmNvbS93YXRjaD92PThQaUNzeUNleFJBAAd5b3V0dWJlAAAAAAAAAAA=", "noReplace": false, "startTime": "0"}
2022-01-08 16:31:52.838  INFO 33957 --- [XNIO-1 I/O-4] lavalink.server.io.SocketServer          : {"op": "play", "guildId": "786026725968314389", "track": "QAAAggIAG+ecn+epuuOCquODvOODq+ODieODreODvOOCugANUmVvbCBPZmZpY2lhbAAAAAAAA8yoAAs5OU9qN0FGeVMwRQABACtodHRwczovL3d3dy55b3V0dWJlLmNvbS93YXRjaD92PTk5T2o3QUZ5UzBFAAd5b3V0dWJlAAAAAAAAAAA=", "noReplace": false, "startTime": "0"}
2022-01-08 16:31:52.858  INFO 33957 --- [XNIO-1 I/O-4] lavalink.server.io.SocketServer          : {"op": "play", "guildId": "786026725968314389", "track": "QAAAbQIABlNBSVJFTgANUmVvbCBPZmZpY2lhbAAAAAAAA4pAAAs1aUFJWk5fNnBuNAABACtodHRwczovL3d3dy55b3V0dWJlLmNvbS93YXRjaD92PTVpQUlaTl82cG40AAd5b3V0dWJlAAAAAAAAAAA=", "noReplace": false, "startTime": "0"}
2022-01-08 16:31:52.860  INFO 33957 --- [XNIO-1 I/O-4] lavalink.server.io.SocketServer          : {"op": "play", "guildId": "786026725968314389", "track": "QAAAiAIAFkRlc3RpbnkgLeWkqumZveOBruiKsS0AGEhpdG9taSBTaGltYXRhbmkgLSBUb3BpYwAAAAAABDI4AAttMElMSDRnOHhGOAABACtodHRwczovL3d3dy55b3V0dWJlLmNvbS93YXRjaD92PW0wSUxINGc4eEY4AAd5b3V0dWJlAAAAAAAAAAA=", "noReplace": false, "startTime": "0"}
2022-01-08 16:31:52.882  INFO 33957 --- [XNIO-1 I/O-4] lavalink.server.io.SocketServer          : {"op": "play", "guildId": "786026725968314389", "track": "QAAAiAIAEuOCreODn+OBq+i0iOOCi+atjAAcVEhFIFN4UExBWeODu+iPheWOn+e0l+eUseeQhgAAAAAABBbgAAtNQmR5RWx1cVp3MAABACtodHRwczovL3d3dy55b3V0dWJlLmNvbS93YXRjaD92PU1CZHlFbHVxWncwAAd5b3V0dWJlAAAAAAAAAAA=", "noReplace": false, "startTime": "0"}
2022-01-08 16:31:52.883  INFO 33957 --- [XNIO-1 I/O-4] lavalink.server.io.SocketServer          : {"op": "play", "guildId": "786026725968314389", "track": "QAAAjgIAJOWlveOBjeOBq+OBquOBo+OBoeOCg+OBhOOBkeOBquOBhOS6ugAQQ0hJSElSTyBvZmZpY2lhbAAAAAAABM54AAswTVZVclI5b2NlZwABACtodHRwczovL3d3dy55b3V0dWJlLmNvbS93YXRjaD92PTBNVlVyUjlvY2VnAAd5b3V0dWJlAAAAAAAAAAA=", "noReplace": false, "startTime": "0"}
2022-01-08 16:31:52.900  INFO 33957 --- [XNIO-1 I/O-4] lavalink.server.io.SocketServer          : {"op": "play", "guildId": "786026725968314389", "track": "QAAAcAIABueJh+aBiwAQQ0hJSElSTyBvZmZpY2lhbAAAAAAABI/4AAs3RFFheDd3ZTg3awABACtodHRwczovL3d3dy55b3V0dWJlLmNvbS93YXRjaD92PTdEUWF4N3dlODdrAAd5b3V0dWJlAAAAAAAAAAA=", "noReplace": false, "startTime": "0"}
2022-01-08 16:31:52.970  INFO 33957 --- [XNIO-1 I/O-4] lavalink.server.io.SocketServer          : {"op": "play", "guildId": "786026725968314389", "track": "QAAAcAIABuWNkuaBiwAQQ0hJSElSTyBvZmZpY2lhbAAAAAAABJfIAAt3MHJjUDU1V0ZTZwABACtodHRwczovL3d3dy55b3V0dWJlLmNvbS93YXRjaD92PXcwcmNQNTVXRlNnAAd5b3V0dWJlAAAAAAAAAAA=", "noReplace": false, "startTime": "0"}
2022-01-08 16:31:52.979  INFO 33957 --- [XNIO-1 I/O-4] lavalink.server.io.SocketServer          : {"op": "play", "guildId": "786026725968314389", "track": "QAAAoAIANuWQm+OBjOOBhOOBquOBhOS4lueVjOOBr+WIh+OBquOBj+OBpiBmZWF0LiBLRU4gVEhFIDM5MAAQQ0hJSElSTyBvZmZpY2lhbAAAAAAABTQIAAtHTVZyM2gzbmo5OAABACtodHRwczovL3d3dy55b3V0dWJlLmNvbS93YXRjaD92PUdNVnIzaDNuajk4AAd5b3V0dWJlAAAAAAAAAAA=", "noReplace": false, "startTime": "0"}
2022-01-08 16:31:52.980  INFO 33957 --- [XNIO-1 I/O-4] lavalink.server.io.SocketServer          : {"op": "play", "guildId": "786026725968314389", "track": "QAAAfAIAEuOCguOBhuOBiuOBl+OBvuOBhAAQQ0hJSElSTyBvZmZpY2lhbAAAAAAABSw4AAstUkJFRFNyWjZjMAABACtodHRwczovL3d3dy55b3V0dWJlLmNvbS93YXRjaD92PS1SQkVEU3JaNmMwAAd5b3V0dWJlAAAAAAAAAAA=", "noReplace": false, "startTime": "0"}
2022-01-08 16:31:52.988  INFO 33957 --- [XNIO-1 I/O-4] lavalink.server.io.SocketServer          : {"op": "play", "guildId": "786026725968314389", "track": "QAAAkQIAJ+engeOBruaBi+OBr+ODiuODn+ODgOOBp+OBp+OBjeOBpuOBhOOCiwAQQ0hJSElSTyBvZmZpY2lhbAAAAAAAA3LQAAt4WXpmTWZZNU9iYwABACtodHRwczovL3d3dy55b3V0dWJlLmNvbS93YXRjaD92PXhZemZNZlk1T2JjAAd5b3V0dWJlAAAAAAAAAAA=", "noReplace": false, "startTime": "0"}
2022-01-08 16:31:52.989  INFO 33957 --- [XNIO-1 I/O-4] lavalink.server.io.SocketServer          : {"op": "play", "guildId": "786026725968314389", "track": "QAAAfwIAFeODnuODvOODoeOCpOODieODqeODlgAQQ0hJSElSTyBvZmZpY2lhbAAAAAAAA53IAAtpcG8yUnhGU2pXdwABACtodHRwczovL3d3dy55b3V0dWJlLmNvbS93YXRjaD92PWlwbzJSeEZTald3AAd5b3V0dWJlAAAAAAAAAAA=", "noReplace": false, "startTime": "0"}
2022-01-08 16:31:52.991  INFO 33957 --- [XNIO-1 I/O-4] lavalink.server.io.SocketServer          : {"op": "play", "guildId": "786026725968314389", "track": "QAAAeAIABua3see0hQAYSGl0b21pIFNoaW1hdGFuaSAtIFRvcGljAAAAAAAEIpgAC0lHSE1GTUJzVGRZAAEAK2h0dHBzOi8vd3d3LnlvdXR1YmUuY29tL3dhdGNoP3Y9SUdITUZNQnNUZFkAB3lvdXR1YmUAAAAAAAAAAA==", "noReplace": false, "startTime": "0"}
2022-01-08 16:31:52.993  INFO 33957 --- [XNIO-1 I/O-4] lavalink.server.io.SocketServer          : {"op": "play", "guildId": "786026725968314389", "track": "QAAAoQIAPFJpY2sgQXN0bGV5IC0gTmV2ZXIgR29ubmEgR2l2ZSBZb3UgVXAgKE9mZmljaWFsIE11c2ljIFZpZGVvKQALUmljayBBc3RsZXkAAAAAAANACAALZFF3NHc5V2dYY1EAAQAraHR0cHM6Ly93d3cueW91dHViZS5jb20vd2F0Y2g/dj1kUXc0dzlXZ1hjUQAHeW91dHViZQAAAAAAAAAA", "noReplace": false, "startTime": "0"}
2022-01-08 16:31:53.005  INFO 33957 --- [XNIO-1 I/O-4] lavalink.server.io.SocketServer          : {"op": "play", "guildId": "786026725968314389", "track": "QAAAbAIAD+aBi+mfs+OBqOmbqOepugADQUFBAAAAAAAE1kgAC0lza1BCOTZsZjc4AAEAK2h0dHBzOi8vd3d3LnlvdXR1YmUuY29tL3dhdGNoP3Y9SXNrUEI5NmxmNzgAB3lvdXR1YmUAAAAAAAAAAA==", "noReplace": false, "startTime": "0"}
2022-01-08 16:31:53.012  INFO 33957 --- [XNIO-1 I/O-4] lavalink.server.io.SocketServer          : {"op": "play", "guildId": "786026725968314389", "track": "QAAAdAIABVl1LUtlABVMaVNBIE9mZmljaWFsIFlvdVR1YmUAAAAAAAN+iAALUWYzS0M1RHhWbTQAAQAraHR0cHM6Ly93d3cueW91dHViZS5jb20vd2F0Y2g/dj1RZjNLQzVEeFZtNAAHeW91dHViZQAAAAAAAAAA", "noReplace": false, "startTime": "0"}
2022-01-08 16:31:53.020  INFO 33957 --- [XNIO-1 I/O-4] lavalink.server.io.SocketServer          : {"op": "play", "guildId": "786026725968314389", "track": "QAAAgQIADlBsYXRpbnVtIERpc2NvABlNT05PR0FUQVJJIFNlcmllcyAtIFRvcGljAAAAAAAD6+gACzE0Rk9Qc1NDSVBzAAEAK2h0dHBzOi8vd3d3LnlvdXR1YmUuY29tL3dhdGNoP3Y9MTRGT1BzU0NJUHMAB3lvdXR1YmUAAAAAAAAAAA==", "noReplace": false, "startTime": "0"}
2022-01-08 16:31:53.022  INFO 33957 --- [XNIO-1 I/O-4] lavalink.server.io.SocketServer          : {"op": "play", "guildId": "786026725968314389", "track": "QAAAhQIAFFRpbnkgTGl0dGxlIEFkaWFudHVtABdTaGliYXlhblJlY29yZHMgLSBUb3BpYwAAAAAABVsYAAtEMFdSOHI0Z2ptRQABACtodHRwczovL3d3dy55b3V0dWJlLmNvbS93YXRjaD92PUQwV1I4cjRnam1FAAd5b3V0dWJlAAAAAAAAAAA=", "noReplace": false, "startTime": "0"}
2022-01-08 16:31:53.027  INFO 33957 --- [XNIO-1 I/O-4] lavalink.server.io.SocketServer          : {"op": "play", "guildId": "786026725968314389", "track": "QAAAcgIABUh5ZHJhABNNWVRIICYgUk9JRCAtIFRvcGljAAAAAAAEgFgAC2VEaXU1cms4TW5vAAEAK2h0dHBzOi8vd3d3LnlvdXR1YmUuY29tL3dhdGNoP3Y9ZURpdTVyazhNbm8AB3lvdXR1YmUAAAAAAAAAAA==", "noReplace": false, "startTime": "0"}
2022-01-08 16:31:53.029  INFO 33957 --- [XNIO-1 I/O-4] lavalink.server.io.SocketServer          : {"op": "play", "guildId": "786026725968314389", "track": "QAAAhQIAGOODreOCueODiOOCouODs+ODluODrOODqQATSW5hYmFrdW1vcmkgLSBUb3BpYwAAAAAAAyDIAAtGQTNhLUhRdGlBRQABACtodHRwczovL3d3dy55b3V0dWJlLmNvbS93YXRjaD92PUZBM2EtSFF0aUFFAAd5b3V0dWJlAAAAAAAAAAA=", "noReplace": false, "startTime": "0"}
2022-01-08 16:31:53.032  INFO 33957 --- [XNIO-1 I/O-4] lavalink.server.io.SocketServer          : {"op": "play", "guildId": "786026725968314389", "track": "QAAAjgIAF0tvaWhha2Fvc3Vub3NoaW1vYmVuYXJpAB1Vc2hpcm9rYXJhIEhhaXlvcml0YWkgLSBUb3BpYwAAAAAAA6WYAAtMY2I3WmE3N2xmdwABACtodHRwczovL3d3dy55b3V0dWJlLmNvbS93YXRjaD92PUxjYjdaYTc3bGZ3AAd5b3V0dWJlAAAAAAAAAAA=", "noReplace": false, "startTime": "0"}
2022-01-08 16:31:53.050  INFO 33957 --- [XNIO-1 I/O-4] lavalink.server.io.SocketServer          : {"op": "play", "guildId": "786026725968314389", "track": "QAAAegIADmlsIHZlbnRvIGQnb3JvABJZdWdvIEthbm5vIC0gVG9waWMAAAAAAASEQAALVTBUWElYVHpKRVkAAQAraHR0cHM6Ly93d3cueW91dHViZS5jb20vd2F0Y2g/dj1VMFRYSVhUekpFWQAHeW91dHViZQAAAAAAAAAA", "noReplace": false, "startTime": "0"}
2022-01-08 16:31:53.059  INFO 33957 --- [XNIO-1 I/O-4] lavalink.server.io.SocketServer          : {"op": "play", "guildId": "786026725968314389", "track": "QAAAhgIAClNpbGhvdWV0dGUAIktBTkEtQk9PTiBPZmZpY2lhbCBZb3VUdWJlIENoYW5uZWwAAAAAAAOtaAALV3FYemVCMkt5S1EAAQAraHR0cHM6Ly93d3cueW91dHViZS5jb20vd2F0Y2g/dj1XcVh6ZUIyS3lLUQAHeW91dHViZQAAAAAAAAAA", "noReplace": false, "startTime": "0"}
2022-01-08 16:31:53.096  INFO 33957 --- [XNIO-1 I/O-4] lavalink.server.io.SocketServer          : {"op": "play", "guildId": "786026725968314389", "track": "QAAAigIAD29ubHkgbXkgcmFpbGd1bgAhZnJpcFNpZGUgT2ZmaWNpYWwgWW91VHViZSBDaGFubmVsAAAAAAAD79AAC1VtblEyZkVvWFVJAAEAK2h0dHBzOi8vd3d3LnlvdXR1YmUuY29tL3dhdGNoP3Y9VW1uUTJmRW9YVUkAB3lvdXR1YmUAAAAAAAAAAA==", "noReplace": false, "startTime": "0"}
2022-01-08 16:31:53.100  INFO 33957 --- [XNIO-1 I/O-4] lavalink.server.io.SocketServer          : {"op": "play", "guildId": "786026725968314389", "track": "QAAAlQIAHFRoZSBFdmVybGFzdGluZyBHdWlsdHkgQ3Jvd24AH0VHT0lTVCBPZmZpY2lhbCBZb3VUdWJlIENoYW5uZWwAAAAAAAUFKAALLXAwSWpuQmhHMTAAAQAraHR0cHM6Ly93d3cueW91dHViZS5jb20vd2F0Y2g/dj0tcDBJam5CaEcxMAAHeW91dHViZQAAAAAAAAAA", "noReplace": false, "startTime": "0"}
2022-01-08 16:31:53.102  INFO 33957 --- [XNIO-1 I/O-4] lavalink.server.io.SocketServer          : {"op": "play", "guildId": "786026725968314389", "track": "QAAAiQIAGOmdkuepuuOBruODqeODl+OCveODh+OCowAXZmjDoW5hIE9mZmljaWFsIENoYW5uZWwAAAAAAAQ98AALNk90NmRlMlJqYUEAAQAraHR0cHM6Ly93d3cueW91dHViZS5jb20vd2F0Y2g/dj02T3Q2ZGUyUmphQQAHeW91dHViZQAAAAAAAAAA", "noReplace": false, "startTime": "0"}
2022-01-08 16:31:53.104  INFO 33957 --- [XNIO-1 I/O-4] lavalink.server.io.SocketServer          : {"op": "play", "guildId": "786026725968314389", "track": "QAAAgwIAB1VucmF2ZWwAIlRLIGZyb20gTGluZyB0b3NpdGUgc2lndXJlIC0gVG9waWMAAAAAAAOtaAALN090ejZKZEE0YW8AAQAraHR0cHM6Ly93d3cueW91dHViZS5jb20vd2F0Y2g/dj03T3R6NkpkQTRhbwAHeW91dHViZQAAAAAAAAAA", "noReplace": false, "startTime": "0"}
2022-01-08 16:31:53.116  INFO 33957 --- [XNIO-1 I/O-4] lavalink.server.io.SocketServer          : {"op": "play", "guildId": "786026725968314389", "track": "QAAAbAIAB1JlOm1ha2UAC09ORSBPSyBST0NLAAAAAAADIMgACzlpZjJybFRSWS0wAAEAK2h0dHBzOi8vd3d3LnlvdXR1YmUuY29tL3dhdGNoP3Y9OWlmMnJsVFJZLTAAB3lvdXR1YmUAAAAAAAAAAA==", "noReplace": false, "startTime": "0"}
2022-01-08 16:31:53.118  INFO 33957 --- [XNIO-1 I/O-4] lavalink.server.io.SocketServer          : {"op": "play", "guildId": "786026725968314389", "track": "QAAAfwIAFUNodWJ5b3UgR2VraWhhdHN1IEJveQAQcmVydWxpbGkgLSBUb3BpYwAAAAAAAyiYAAs4OWktY0JUT25FcwABACtodHRwczovL3d3dy55b3V0dWJlLmNvbS93YXRjaD92PTg5aS1jQlRPbkVzAAd5b3V0dWJlAAAAAAAAAAA=", "noReplace": false, "startTime": "0"}
2022-01-08 16:31:53.119  INFO 33957 --- [XNIO-1 I/O-4] lavalink.server.io.SocketServer          : {"op": "play", "guildId": "786026725968314389", "track": "QAAAeAIAE+WujOWFqOaEn+immkRyZWFtZXIAC09ORSBPSyBST0NLAAAAAAAD3EgACzRmQzFNNk1qdEZNAAEAK2h0dHBzOi8vd3d3LnlvdXR1YmUuY29tL3dhdGNoP3Y9NGZDMU02TWp0Rk0AB3lvdXR1YmUAAAAAAAAAAA==", "noReplace": false, "startTime": "0"}
2022-01-08 16:31:53.140  INFO 33957 --- [XNIO-1 I/O-4] lavalink.server.io.SocketServer          : {"op": "play", "guildId": "786026725968314389", "track": "QAAAjgIAHVJPQ0tTVEFSIChUQUsoTkVXVFlQRSkgUmVtaXgpABdWYXJpb3VzIEFydGlzdHMgLSBUb3BpYwAAAAAAA1OQAAt6ZE5pTmhlY2dNZwABACtodHRwczovL3d3dy55b3V0dWJlLmNvbS93YXRjaD92PXpkTmlOaGVjZ01nAAd5b3V0dWJlAAAAAAAAAAA=", "noReplace": false, "startTime": "0"}
2022-01-08 16:31:53.141  INFO 33957 --- [XNIO-1 I/O-4] lavalink.server.io.SocketServer          : {"op": "play", "guildId": "786026725968314389", "track": "QAAAjgIAFU5hbWFlIE5vIE5haSBLYWlidXRzdQAfRUdPSVNUIE9mZmljaWFsIFlvdVR1YmUgQ2hhbm5lbAAAAAAABNowAAs0XzdZN2RQVVdHRQABACtodHRwczovL3d3dy55b3V0dWJlLmNvbS93YXRjaD92PTRfN1k3ZFBVV0dFAAd5b3V0dWJlAAAAAAAAAAA=", "noReplace": false, "startTime": "0"}
2022-01-08 16:31:53.145  INFO 33957 --- [XNIO-1 I/O-4] lavalink.server.io.SocketServer          : {"op": "play", "guildId": "786026725968314389", "track": "QAAAdAIADkZha2UuRmFrZS5GYWtlAAxBWktpIC0gVG9waWMAAAAAAAOGWAALVE1tMHVDV2c5T2MAAQAraHR0cHM6Ly93d3cueW91dHViZS5jb20vd2F0Y2g/dj1UTW0wdUNXZzlPYwAHeW91dHViZQAAAAAAAAAA", "noReplace": false, "startTime": "0"}
2022-01-08 16:31:53.153  INFO 33957 --- [XNIO-1 I/O-4] lavalink.server.io.SocketServer          : {"op": "play", "guildId": "786026725968314389", "track": "QAAAnwIAPuOAjuWFreWFhuW5tOOBqOS4gOWknOeJqeiqnuOAj+OAkOm5v+S5gyjjgYvjga4p44CR5Lit5pel5a2X5bmVAAdFdmVuaW5nAAAAAAADX0gACzE5MG1MWm5LMHpzAAEAK2h0dHBzOi8vd3d3LnlvdXR1YmUuY29tL3dhdGNoP3Y9MTkwbUxabkswenMAB3lvdXR1YmUAAAAAAAAAAA==", "noReplace": false, "startTime": "0"}
2022-01-08 16:31:53.155  INFO 33957 --- [XNIO-1 I/O-4] lavalink.server.io.SocketServer          : {"op": "play", "guildId": "786026725968314389", "track": "QAAAkQIAJ0xvcyEgTG9zISBMb3MhIChTYWdhIG9mIFRhbnlhIHRoZSBFdmlsKQAQU2VscGhpdXMgLSBUb3BpYwAAAAAAA1OQAAs5eUwtWW43WXBPOAABACtodHRwczovL3d3dy55b3V0dWJlLmNvbS93YXRjaD92PTl5TC1ZbjdZcE84AAd5b3V0dWJlAAAAAAAAAAA=", "noReplace": false, "startTime": "0"}
2022-01-08 16:31:53.156  INFO 33957 --- [XNIO-1 I/O-4] lavalink.server.io.SocketServer          : {"op": "play", "guildId": "786026725968314389", "track": "QAAAegIADEtva29ybyBPZG9ydQAUbm9ib2R5a25vd3MrIC0gVG9waWMAAAAAAAPgMAALME5KVVRkRDRQRlEAAQAraHR0cHM6Ly93d3cueW91dHViZS5jb20vd2F0Y2g/dj0wTkpVVGRENFBGUQAHeW91dHViZQAAAAAAAAAA", "noReplace": false, "startTime": "0"}
2022-01-08 16:31:53.157  INFO 33957 --- [XNIO-1 I/O-4] lavalink.server.io.SocketServer          : {"op": "play", "guildId": "786026725968314389", "track": "QAAA2AIAYOOAkEkgU2FuZ+OAkURlbHVzaW9uIFNlbnNhdGlvbiBDb21wZW5zYXRpb24gRmVkZXJhdGlvbiAvIERFQ08qMjfjgJBLb3RvbmUoVGVuamluIEtvdG9uZSljb3ZlcuOAkQAe5aSp56WeIOWtkOWFjumfsyBUZW5qaW4gS290b25lAAAAAAAEHrAAC3dlNEpCUU1odmFzAAEAK2h0dHBzOi8vd3d3LnlvdXR1YmUuY29tL3dhdGNoP3Y9d2U0SkJRTWh2YXMAB3lvdXR1YmUAAAAAAAAAAA==", "noReplace": false, "startTime": "0"}
2022-01-08 16:31:53.165  INFO 33957 --- [XNIO-1 I/O-4] lavalink.server.io.SocketServer          : {"op": "play", "guildId": "786026725968314389", "track": "QAAA0QIAUeOAkOatjOOBo+OBpuOBv+OBn+OAkeeMq+eMq+eahOWuh+WumeirliAvIOODiuODpuOCv+ODs+aYn+S6uuOAkOOBqOOBjeOBruOBneOCieOAkQAmU29yYUNoLiDjgajjgY3jga7jgZ3jgonjg4Hjg6Pjg7Pjg43jg6sAAAAAAANPqAALeVhNOGtiZkxHSm8AAQAraHR0cHM6Ly93d3cueW91dHViZS5jb20vd2F0Y2g/dj15WE04a2JmTEdKbwAHeW91dHViZQAAAAAAAAAA", "noReplace": false, "startTime": "0"}
2022-01-08 16:31:53.175  INFO 33957 --- [XNIO-1 I/O-4] lavalink.server.io.SocketServer          : {"op": "play", "guildId": "786026725968314389", "track": "QAAAlQIAHUtvdG9uZSAtICJLYWdvbWUiIE11c2ljIFZpZGVvAB7lpKnnpZ4g5a2Q5YWO6Z+zIFRlbmppbiBLb3RvbmUAAAAAAAPgMAALUFRHd2NfV2s1akUAAQAraHR0cHM6Ly93d3cueW91dHViZS5jb20vd2F0Y2g/dj1QVEd3Y19XazVqRQAHeW91dHViZQAAAAAAAAAA", "noReplace": false, "startTime": "0"}
2022-01-08 16:31:53.186  INFO 33957 --- [XNIO-1 I/O-4] lavalink.server.io.SocketServer          : {"op": "play", "guildId": "786026725968314389", "track": "QAAAfAIAHCJMaWxhYyIgLSDnvo7ms6IgKE1pbmFtaSkgTVYABk1pbmFtaQAAAAAABJ+YAAtHUTNWNTBYb0xPTQABACtodHRwczovL3d3dy55b3V0dWJlLmNvbS93YXRjaD92PUdRM1Y1MFhvTE9NAAd5b3V0dWJlAAAAAAAAAAA=", "noReplace": false, "startTime": "0"}
2022-01-08 16:31:53.188  INFO 33957 --- [XNIO-1 I/O-4] lavalink.server.io.SocketServer          : {"op": "play", "guildId": "786026725968314389", "track": "QAAAwwIAX+OAkEFraWXnp4vntbXjgJHlpKnjg47lvLEgLeOBhuOBg+OCk+OBkFBpYW5vIFZlci4tIOOAkOatjOOBo+OBpuOBv+OBn+OAkeOAkOOCquODquOCuOODiuODq1BW44CRAApBa2ll56eL57W1AAAAAAAELlAAC0VveFJoeHNUbU5nAAEAK2h0dHBzOi8vd3d3LnlvdXR1YmUuY29tL3dhdGNoP3Y9RW94Umh4c1RtTmcAB3lvdXR1YmUAAAAAAAAAAA==", "noReplace": false, "startTime": "0"}
2022-01-08 16:31:53.191  INFO 33957 --- [XNIO-1 I/O-4] lavalink.server.io.SocketServer          : {"op": "play", "guildId": "786026725968314389", "track": "QAAAtQIAOGFtYXphcmFzaGnjgI7nqbTjgpLmjpjjgaPjgabjgYTjgovjgI/igJxEaWdnaW5nIEhvbGVz4oCdACNhbWF6YXJhc2hpIE9mZmljaWFsIFlvdVR1YmUgQ2hhbm5lbAAAAAAABh5oAAtCMkhzZGdWUS1jYwABACtodHRwczovL3d3dy55b3V0dWJlLmNvbS93YXRjaD92PUIySHNkZ1ZRLWNjAAd5b3V0dWJlAAAAAAAAAAA=", "noReplace": false, "startTime": "0"}
2022-01-08 16:31:53.193  INFO 33957 --- [XNIO-1 I/O-4] lavalink.server.io.SocketServer          : {"op": "play", "guildId": "786026725968314389", "track": "QAAApgIANuODluODq+ODvOODkOODvOODiSAtIOOBhOOBjeOCguOBruOBjOOBi+OCiu+8iOODleODq++8iQAWaGlnaF9ub3RlIE11c2ljIExvdW5nZQAAAAAAA0AIAAszeTBId0VsdDVMdwABACtodHRwczovL3d3dy55b3V0dWJlLmNvbS93YXRjaD92PTN5MEh3RWx0NUx3AAd5b3V0dWJlAAAAAAAAAAA=", "noReplace": false, "startTime": "0"}
2022-01-08 16:31:53.207  INFO 33957 --- [XNIO-1 I/O-4] lavalink.server.io.SocketServer          : {"op": "play", "guildId": "786026725968314389", "track": "QAAAwwIAZOW5vOWls+aIpuiomCBFRCAvIFlvdWpvIFNlbmtpIEVuZGluZyDjgIxGVUxM44CNIC0gIkxvcyEgTG9zISBMb3MhIiAtICBUYW55YSBEZWd1cmVjaGFmZiAo5oKg5pyoIOeipykABUFvbmlzAAAAAAADW2AAC09nWFpuX0hfUUFJAAEAK2h0dHBzOi8vd3d3LnlvdXR1YmUuY29tL3dhdGNoP3Y9T2dYWm5fSF9RQUkAB3lvdXR1YmUAAAAAAAAAAA==", "noReplace": false, "startTime": "0"}
2022-01-08 16:31:53.208  INFO 33957 --- [XNIO-1 I/O-4] lavalink.server.io.SocketServer          : {"op": "play", "guildId": "786026725968314389", "track": "QAAAmwIANOaciOW9seOBruOCt+ODn+ODpeODqeOCr+ODqyBFRCDjgqTjg47jg4Hjga7nga/jgZfmlrkADVZpbmdsZSBIZXJtdXgAAAAAAAUBQAALWU1xWWNvYy1URFUAAQAraHR0cHM6Ly93d3cueW91dHViZS5jb20vd2F0Y2g/dj1ZTXFZY29jLVREVQAHeW91dHViZQAAAAAAAAAA", "noReplace": false, "startTime": "0"}
2022-01-08 16:31:53.218  INFO 33957 --- [XNIO-1 I/O-4] lavalink.server.io.SocketServer          : {"op": "play", "guildId": "786026725968314389", "track": "QAAAnwIAMOKcvyDoh6rlgrfnhKHoibLjgIDmrYzjgaPjgabjgb/jgZ8gdmVyLuiKseOBn+OCkwAVSGFOYVRhbiBNdXNpYyBDaGFubmVsAAAAAAADV3gAC0w0ckpQSFVDdV80AAEAK2h0dHBzOi8vd3d3LnlvdXR1YmUuY29tL3dhdGNoP3Y9TDRySlBIVUN1XzQAB3lvdXR1YmUAAAAAAAAAAA==", "noReplace": false, "startTime": "0"}
2022-01-08 16:31:53.220  INFO 33957 --- [XNIO-1 I/O-4] lavalink.server.io.SocketServer          : {"op": "play", "guildId": "786026725968314389", "track": "QAAAdwIAE+WMl+S5g+OBjeOBhC3okYnmoZwACkNIRVBJTiBZRUgAAAAAAATaMAALdTZtOFZUUFJSd3MAAQAraHR0cHM6Ly93d3cueW91dHViZS5jb20vd2F0Y2g/dj11Nm04VlRQUlJ3cwAHeW91dHViZQAAAAAAAAAA", "noReplace": false, "startTime": "0"}
2022-01-08 16:31:53.240  INFO 33957 --- [XNIO-1 I/O-4] lavalink.server.io.SocketServer          : {"op": "play", "guildId": "786026725968314389", "track": "QAAAtwIAVeOAkOWInemfs+ODn+OCryg0MOONjSnjgJEg44GL44KJ44GP44KK44OU44Ko44OtIEthcmFrdXJpIFBpZXJyb3TjgJDjgqrjg6rjgrjjg4rjg6vjgJEACDQwbWV0ZXJQAAAAAAAEgFgAC3h4RmtXM1BDVDVNAAEAK2h0dHBzOi8vd3d3LnlvdXR1YmUuY29tL3dhdGNoP3Y9eHhGa1czUENUNU0AB3lvdXR1YmUAAAAAAAAAAA==", "noReplace": false, "startTime": "0"}
2022-01-08 16:31:53.245  INFO 33957 --- [XNIO-1 I/O-4] lavalink.server.io.SocketServer          : {"op": "play", "guildId": "786026725968314389", "track": "QAAAwQIASkNoaWt5dXUgU2FpZ28gbm8gS29rdWhha3UgbyAoRWFydGgncyBMYXN0IENvbmZlc3Npb24pIGFjb3VzdGljIGNvdmVyLiBLYW5vAB3pub/kuYPjg4Hjg6Pjg7Pjg43jg6tvZmZpY2lhbAAAAAAABC5QAAtwYVZZTmxaNVh1awABACtodHRwczovL3d3dy55b3V0dWJlLmNvbS93YXRjaD92PXBhVllObFo1WHVrAAd5b3V0dWJlAAAAAAAAAAA=", "noReplace": false, "startTime": "0"}
2022-01-08 16:31:53.246  INFO 33957 --- [XNIO-1 I/O-4] lavalink.server.io.SocketServer          : {"op": "play", "guildId": "786026725968314389", "track": "QAAAkAIAKlN1YXJhLeOAjuS4jeWuieWumuOBquelnuanmOOAj+S4reaXpeatjOipngAM44Kz44Km44K144KtAAAAAAADqYAAC2hHM19GUHBkUUZzAAEAK2h0dHBzOi8vd3d3LnlvdXR1YmUuY29tL3dhdGNoP3Y9aEczX0ZQcGRRRnMAB3lvdXR1YmUAAAAAAAAAAA==", "noReplace": false, "startTime": "0"}
2022-01-08 16:31:53.249  INFO 33957 --- [XNIO-1 I/O-4] lavalink.server.io.SocketServer          : {"op": "play", "guildId": "786026725968314389", "track": "QAAAkgIALUVsZXBoYW50ZSAtIENvbWUgQmFjayBGb3IgWW91IChmZWF0LiBNYXRsdWNrKQALVHJhcCBOYXRpb24AAAAAAAMVEAALenlmaXdLNnd2SWcAAQAraHR0cHM6Ly93d3cueW91dHViZS5jb20vd2F0Y2g/dj16eWZpd0s2d3ZJZwAHeW91dHViZQAAAAAAAAAA", "noReplace": false, "startTime": "0"}
2022-01-08 16:31:53.258  INFO 33957 --- [XNIO-1 I/O-4] lavalink.server.io.SocketServer          : {"op": "play", "guildId": "786026725968314389", "track": "QAAAsgIAT+OAkEhE44CRIOWFreWFhuW5tOOBqOS4gOWknOeJqeiqniDjgJBJQeOCquODquOCuOODiuODq+absuODu1BW5LuY44CRLSBLRU1VIFZPWFgACWtlLXNhbiDOsgAAAAAAA19IAAtPbTNNVG91MmtQZwABACtodHRwczovL3d3dy55b3V0dWJlLmNvbS93YXRjaD92PU9tM01Ub3Uya1BnAAd5b3V0dWJlAAAAAAAAAAA=", "noReplace": false, "startTime": "0"}
2022-01-08 16:31:53.266  INFO 33957 --- [XNIO-1 I/O-4] lavalink.server.io.SocketServer          : {"op": "play", "guildId": "786026725968314389", "track": "QAAAjQIAHkhhbmF0YW4gLSBSb21lbyBhbmQgQ2luZGVyZWxsYQAV44CM5rC46YGg44CNRUlFTk1VU0lDAAAAAAAEQdgAC1RiRlNwdmxhdWdjAAEAK2h0dHBzOi8vd3d3LnlvdXR1YmUuY29tL3dhdGNoP3Y9VGJGU3B2bGF1Z2MAB3lvdXR1YmUAAAAAAAAAAA==", "noReplace": false, "startTime": "0"}
2022-01-08 16:31:53.267  INFO 33957 --- [XNIO-1 I/O-4] lavalink.server.io.SocketServer          : {"op": "play", "guildId": "786026725968314389", "track": "QAAAigIAJUtpenVuYSBBSSAtIGZ1dHVyZSBiYXNlIChQcm9kLll1bm9taSkAC0EuSS5DaGFubmVsAAAAAAACzsAAC3llRDdlQXV6YTc0AAEAK2h0dHBzOi8vd3d3LnlvdXR1YmUuY29tL3dhdGNoP3Y9eWVEN2VBdXphNzQAB3lvdXR1YmUAAAAAAAAAAA==", "noReplace": false, "startTime": "0"}
2022-01-08 16:31:53.269  INFO 33957 --- [XNIO-1 I/O-4] lavalink.server.io.SocketServer          : {"op": "play", "guildId": "786026725968314389", "track": "QAAAdQIAF0FzIFlvdSBMaWtlIEl0IC0gRXZlIE1WAARFIHZlAAAAAAADzKgAC25ST3ZZOXVpWVlrAAEAK2h0dHBzOi8vd3d3LnlvdXR1YmUuY29tL3dhdGNoP3Y9blJPdlk5dWlZWWsAB3lvdXR1YmUAAAAAAAAAAA==", "noReplace": false, "startTime": "0"}
2022-01-08 16:31:53.271  INFO 33957 --- [XNIO-1 I/O-4] lavalink.server.io.SocketServer          : {"op": "play", "guildId": "786026725968314389", "track": "QAAAgQIAI1RoZSBTZWNyZXQgQWJvdXQgVGhhdCBHaXJsIC0gRXZlIE1WAARFIHZlAAAAAAADjigAC3NnZFBsREcxLThrAAEAK2h0dHBzOi8vd3d3LnlvdXR1YmUuY29tL3dhdGNoP3Y9c2dkUGxERzEtOGsAB3lvdXR1YmUAAAAAAAAAAA==", "noReplace": false, "startTime": "0"}
2022-01-08 16:31:53.272  INFO 33957 --- [XNIO-1 I/O-4] lavalink.server.io.SocketServer          : {"op": "play", "guildId": "786026725968314389", "track": "QAAAuwIANSJIdW1hbm9pZCIgTXVzaWMgVmlkZW8gYnkgWnV0dG8gTWF5b25ha2EgZGUgSWkgbm8gbmkuACzjgZrjgaPjgajnnJ/lpJzkuK3jgafjgYTjgYTjga7jgavjgIJaVVRPTUFZTwAAAAAAA/egAAtHQUIyNkdnSjhWOAABACtodHRwczovL3d3dy55b3V0dWJlLmNvbS93YXRjaD92PUdBQjI2R2dKOFY4AAd5b3V0dWJlAAAAAAAAAAA=", "noReplace": false, "startTime": "0"}
2022-01-08 16:31:53.279  INFO 33957 --- [XNIO-1 I/O-4] lavalink.server.io.SocketServer          : {"op": "play", "guildId": "786026725968314389", "track": "QAAAgQIAG+exs+a0peeOhOW4qyAgTVbjgIxMZW1vbuOAjQAM57Gz5rSl546E5birAAAAAAAEMjgAC1NYX1ZpVDRSYTdrAAEAK2h0dHBzOi8vd3d3LnlvdXR1YmUuY29tL3dhdGNoP3Y9U1hfVmlUNFJhN2sAB3lvdXR1YmUAAAAAAAAAAA==", "noReplace": false, "startTime": "0"}
2022-01-08 16:31:53.280  INFO 33957 --- [XNIO-1 I/O-4] lavalink.server.io.SocketServer          : {"op": "play", "guildId": "786026725968314389", "track": "QAAAsQIATUJhZCBBcHBsZSEhIC0gRnVsbCBWZXJzaW9uIHcvdmlkZW8gW0x5cmljcyBpbiBSb21hamksIFRyYW5zbGF0aW9uIGluIEVuZ2xpc2hdAApsdWlnaW1hbjA5AAAAAAAE9YgACzlsTlpfUm5yN0pjAAEAK2h0dHBzOi8vd3d3LnlvdXR1YmUuY29tL3dhdGNoP3Y9OWxOWl9SbnI3SmMAB3lvdXR1YmUAAAAAAAAAAA==", "noReplace": false, "startTime": "0"}
2022-01-08 16:31:53.282  INFO 33957 --- [XNIO-1 I/O-4] lavalink.server.io.SocketServer          : {"op": "play", "guildId": "786026725968314389", "track": "QAAApQIAOlJlOkxpZUYgKOODrOODquODvOODlSkgT1AgRnVsbOOAjFJlOlRyeW1lblTjgI3mrYzoqZ7ku5jjgY0AEVZpc3VhbCBOb3ZlbCBEdWRlAAAAAAADyMAAC2NUM3dicDE3QW5vAAEAK2h0dHBzOi8vd3d3LnlvdXR1YmUuY29tL3dhdGNoP3Y9Y1Qzd2JwMTdBbm8AB3lvdXR1YmUAAAAAAAAAAA==", "noReplace": false, "startTime": "0"}
2022-01-08 16:31:53.283  INFO 33957 --- [XNIO-1 I/O-4] lavalink.server.io.SocketServer          : {"op": "play", "guildId": "786026725968314389", "track": "QAAAkgIANOWSjOaoguWZqOaoguWcmCAvIOaIsCAtaWt1c2EtKOe5gemrlOS4reaWh+Wtl+W5leeJiCkABGF2ZXgAAAAAAANjMAALdHEwRVRGeXllZ2cAAQAraHR0cHM6Ly93d3cueW91dHViZS5jb20vd2F0Y2g/dj10cTBFVEZ5eWVnZwAHeW91dHViZQAAAAAAAAAA", "noReplace": false, "startTime": "0"}
2022-01-08 16:31:53.285  INFO 33957 --- [XNIO-1 I/O-4] lavalink.server.io.SocketServer          : {"op": "play", "guildId": "786026725968314389", "track": "QAAAkwIANeWSjOaoguWZqOaoguWcmCAvIOi1t+atu+WbnueUnyjnuYHpq5TkuK3mloflrZfluZXniYgpAARhdmV4AAAAAAACwwgACzdvTVZLRjh5T2NRAAEAK2h0dHBzOi8vd3d3LnlvdXR1YmUuY29tL3dhdGNoP3Y9N29NVktGOHlPY1EAB3lvdXR1YmUAAAAAAAAAAA==", "noReplace": false, "startTime": "0"}
2022-01-08 16:31:53.287  INFO 33957 --- [XNIO-1 I/O-4] lavalink.server.io.SocketServer          : {"op": "play", "guildId": "786026725968314389", "track": "QAAAogIAP0VHT0lTVC3lkI3liY3jga7jgarjgYTmgKrniako5rKS5pyJ5ZCN5a2X55qE5oCq54mpKeS4reaXpeWtl+W5lQAJ6buD5a+26LOiAAAAAAAE0mAACzViVjk0b09raWo4AAEAK2h0dHBzOi8vd3d3LnlvdXR1YmUuY29tL3dhdGNoP3Y9NWJWOTRvT2tpajgAB3lvdXR1YmUAAAAAAAAAAA==", "noReplace": false, "startTime": "0"}
2022-01-08 16:31:53.288  INFO 33957 --- [XNIO-1 I/O-4] lavalink.server.io.SocketServer          : {"op": "play", "guildId": "786026725968314389", "track": "QAAAiwIAKOWQjOOBmOepuuOBruS4i+OBpyBLT1RPS08gKOacgOmrmOmfs+izqikACUFZVU1JMTEwNwAAAAAABQUoAAtEQkhhQkZkTTRPZwABACtodHRwczovL3d3dy55b3V0dWJlLmNvbS93YXRjaD92PURCSGFCRmRNNE9nAAd5b3V0dWJlAAAAAAAAAAA=", "noReplace": false, "startTime": "0"}
2022-01-08 16:31:53.290  INFO 33957 --- [XNIO-1 I/O-4] lavalink.server.io.SocketServer          : {"op": "play", "guildId": "786026725968314389", "track": "QAAAhwIAJ0R1Y2EgLSDjgqLjgqTjga7luq0gW0VuZ2xpc2ggU3VidGl0bGVkXQAGS2Fsa2luAAAAAAAEeIgAC0QxWUdlUUxqZGl3AAEAK2h0dHBzOi8vd3d3LnlvdXR1YmUuY29tL3dhdGNoP3Y9RDFZR2VRTGpkaXcAB3lvdXR1YmUAAAAAAAAAAA==", "noReplace": false, "startTime": "0"}
2022-01-08 16:31:53.292  INFO 33957 --- [XNIO-1 I/O-4] lavalink.server.io.SocketServer          : {"op": "play", "guildId": "786026725968314389", "track": "QAAAkgIAFktBTkEtQk9PTiAtIFNpbGhvdWV0dGUAIktBTkEtQk9PTiBPZmZpY2lhbCBZb3VUdWJlIENoYW5uZWwAAAAAAAQPEAALZGxGQTBacTFrMkEAAQAraHR0cHM6Ly93d3cueW91dHViZS5jb20vd2F0Y2g/dj1kbEZBMFpxMWsyQQAHeW91dHViZQAAAAAAAAAA", "noReplace": false, "startTime": "0"}
2022-01-08 16:31:53.293  INFO 33957 --- [XNIO-1 I/O-4] lavalink.server.io.SocketServer          : {"op": "play", "guildId": "786026725968314389", "track": "QAAAqgIAQuKYhuKYhiBNYW9uIEt1cm9zYWtpICAgU2V0c3VuYSBubyBLYWppdHN1IEdyaXNhaWEgbm8gUmFrdWVuIOKYhuKYhgAOTWFsaWsgQWJkdWxsYWgAAAAAAANH2AALWFF6dTRDLUVNU3cAAQAraHR0cHM6Ly93d3cueW91dHViZS5jb20vd2F0Y2g/dj1YUXp1NEMtRU1TdwAHeW91dHViZQAAAAAAAAAA", "noReplace": false, "startTime": "0"}
2022-01-08 16:31:53.295  INFO 33957 --- [XNIO-1 I/O-4] lavalink.server.io.SocketServer          : {"op": "play", "guildId": "786026725968314389", "track": "QAAAlAIAKEFwcmlsIFNob3dlcnMgLyBBaW1lciBbRW5nbGlzaCBzdWJ0aXRsZV0AEkxvdmUgQWltZXIgRm9yZXZlcgAAAAAABT/AAAs0UFZkRTRsbVd4TQABACtodHRwczovL3d3dy55b3V0dWJlLmNvbS93YXRjaD92PTRQVmRFNGxtV3hNAAd5b3V0dWJlAAAAAAAAAAA=", "noReplace": false, "startTime": "0"}
2022-01-08 16:31:53.298  INFO 33957 --- [XNIO-1 I/O-4] lavalink.server.io.SocketServer          : {"op": "play", "guildId": "786026725968314389", "track": "QAAAtQIAPeOAkEkgc2FuZ+OAkUZyYWdpbGUgLyAgbnV5dXJp44CQS290b25lKFRlbmppbiBLb3RvbmUpY292ZXLjgJEAHuWkqeelniDlrZDlhY7pn7MgVGVuamluIEtvdG9uZQAAAAAABCpoAAszcXZ4cmw2dkw0OAABACtodHRwczovL3d3dy55b3V0dWJlLmNvbS93YXRjaD92PTNxdnhybDZ2TDQ4AAd5b3V0dWJlAAAAAAAAAAA=", "noReplace": false, "startTime": "0"}
2022-01-08 16:31:53.303  INFO 33957 --- [XNIO-1 I/O-4] lavalink.server.io.SocketServer          : {"op": "play", "guildId": "786026725968314389", "track": "QAAAsgIAVOaciOW9seOBruOCt+ODn+ODpeODqeOCr+ODqy3op6PmlL7jga7nvr0tIE9QIOOAjuiHqueUseOBrue/heOAjyBGdWxsIOS9kOiXpOOBsuOCjee+jgAEZGlqcwAAAAAABDYgAAtkdm9iUnJnaGV6UQABACtodHRwczovL3d3dy55b3V0dWJlLmNvbS93YXRjaD92PWR2b2JScmdoZXpRAAd5b3V0dWJlAAAAAAAAAAA=", "noReplace": false, "startTime": "0"}
2022-01-08 16:31:53.305  INFO 33957 --- [XNIO-1 I/O-4] lavalink.server.io.SocketServer          : {"op": "play", "guildId": "786026725968314389", "track": "QAAAjwIAMVtJU0xBTkQgT1AgRlVMTF0gVHJhdmVsZXIncyB0YWxlIC8gcml5YShldWZvbml1cykABEgyIFQAAAAAAAO1OAALQVBHNHdrYllLZnMAAQAraHR0cHM6Ly93d3cueW91dHViZS5jb20vd2F0Y2g/dj1BUEc0d2tiWUtmcwAHeW91dHViZQAAAAAAAAAA", "noReplace": false, "startTime": "0"}
2022-01-08 16:31:53.310  INFO 33957 --- [XNIO-1 I/O-4] lavalink.server.io.SocketServer          : {"op": "play", "guildId": "786026725968314389", "track": "QAAAiwIADOe3i+iJsuOBruepugAl5bed55Sw44G+44G/IE9mZmljaWFsIFlvdVR1YmUgQ2hhbm5lbAAAAAAAA+gAAAtkNUhPZllTMnZZdwABACtodHRwczovL3d3dy55b3V0dWJlLmNvbS93YXRjaD92PWQ1SE9mWVMydll3AAd5b3V0dWJlAAAAAAAAAAA=", "noReplace": false, "startTime": "0"}
2022-01-08 16:31:53.313  INFO 33957 --- [XNIO-1 I/O-4] lavalink.server.io.SocketServer          : {"op": "play", "guildId": "786026725968314389", "track": "QAAA3wIAfFsxMDgwUCBGdWxs6aKoXSBXb3JsZCBpcyBNaW5lIOODr+ODvOODq+ODieOCpOOCuuODnuOCpOODsyAtSGF0c3VuZSBNaWt1IOWInemfs+ODn+OCryBQcm9qZWN0IERJVkEgRW5nbGlzaCBseXJpY3MgUm9tYWppIFBERlQACWdvb2dvbzg4OAAAAAAAA+gAAAtOWV9fVlRJVXNpVQABACtodHRwczovL3d3dy55b3V0dWJlLmNvbS93YXRjaD92PU5ZX19WVElVc2lVAAd5b3V0dWJlAAAAAAAAAAA=", "noReplace": false, "startTime": "0"}
2022-01-08 16:31:53.323  INFO 33957 --- [XNIO-1 I/O-4] lavalink.server.io.SocketServer          : {"op": "play", "guildId": "786026725968314389", "track": "QAAAfQIAHOOAkE1NROOAkU1pa3UgLSBHaW1tZcOXR2ltbWUAB0FSb25pc2MAAAAAAANfSAALaXg5bkVqU3hnZW8AAQAraHR0cHM6Ly93d3cueW91dHViZS5jb20vd2F0Y2g/dj1peDluRWpTeGdlbwAHeW91dHViZQAAAAAAAAAA", "noReplace": false, "startTime": "0"}
2022-01-08 16:31:53.333  INFO 33957 --- [XNIO-1 I/O-4] lavalink.server.io.SocketServer          : {"op": "play", "guildId": "786026725968314389", "track": "QAAAqwIAM1tPZmZpY2lhbF0gVEhFIEVORCBPRiBIQVRTVU5FIE1JS1UgLyBjb3NNb0BCb3Vzb3UtUAAeY29zTW9AYm91c291UCBPZmZpY2lhbCBDaGFubmVsAAAAAAAEcLgAC1ZXVnRJZzVjZERVAAEAK2h0dHBzOi8vd3d3LnlvdXR1YmUuY29tL3dhdGNoP3Y9VldWdElnNWNkRFUAB3lvdXR1YmUAAAAAAAAAAA==", "noReplace": false, "startTime": "0"}
2022-01-08 16:31:53.341  INFO 33957 --- [XNIO-1 I/O-4] lavalink.server.io.SocketServer          : {"op": "play", "guildId": "786026725968314389", "track": "QAAA0gIATEJlYXQgRWF0ZXIgLSDjg53jg6rjgrnjg5Tjgqvjg4fjg6rjg7wgZmVhdC4g5Yid6Z+z44Of44KvIC8gUG9saWNlIFBpY2NhZGlsbHkALOODneODquOCueODlOOCq+ODh+ODquODvCAvIFBvbGljZSBQaWNjYWRpbGx5AAAAAAADV3gAC1JjY19CcmVXRU1JAAEAK2h0dHBzOi8vd3d3LnlvdXR1YmUuY29tL3dhdGNoP3Y9UmNjX0JyZVdFTUkAB3lvdXR1YmUAAAAAAAAAAA==", "noReplace": false, "startTime": "0"}
2022-01-08 16:31:53.342  INFO 33957 --- [XNIO-1 I/O-4] lavalink.server.io.SocketServer          : {"op": "play", "guildId": "786026725968314389", "track": "QAAAugIAVOOAkCBMVVog44CR54us44KK44KT44G844Ko44Oz44O044Kj44O8ICDlq4nlppLnmoTkuIDkurrmjYnov7fol48gIOOAkOS4reaWh+Wtl+W5leOAkQAM5oKg5Y+v5ZOI5ZOIAAAAAAADQAgACzNOUEpvaW5ueXpZAAEAK2h0dHBzOi8vd3d3LnlvdXR1YmUuY29tL3dhdGNoP3Y9M05QSm9pbm55elkAB3lvdXR1YmUAAAAAAAAAAA==", "noReplace": false, "startTime": "0"}
2022-01-08 16:31:53.345  INFO 33957 --- [XNIO-1 I/O-4] lavalink.server.io.SocketServer          : {"op": "play", "guildId": "786026725968314389", "track": "QAAAiwIAGVBlcnNldXMgLeODmuODq+OCu+OCpuOCuS0AGEhpdG9taSBTaGltYXRhbmkgLSBUb3BpYwAAAAAABL7YAAtXUEpaTzc4ZGpXZwABACtodHRwczovL3d3dy55b3V0dWJlLmNvbS93YXRjaD92PVdQSlpPNzhkaldnAAd5b3V0dWJlAAAAAAAAAAA=", "noReplace": false, "startTime": "0"}
2022-01-08 16:31:53.369  INFO 33957 --- [XNIO-1 I/O-4] lavalink.server.io.SocketServer          : {"op": "play", "guildId": "786026725968314389", "track": "QAAAewIACeaBi+OBrumbqwAYSGl0b21pIFNoaW1hdGFuaSAtIFRvcGljAAAAAAAEJoAAC2VKa0pCN2RGZThBAAEAK2h0dHBzOi8vd3d3LnlvdXR1YmUuY29tL3dhdGNoP3Y9ZUprSkI3ZEZlOEEAB3lvdXR1YmUAAAAAAAAAAA==", "noReplace": false, "startTime": "0"}
2022-01-08 16:31:53.383  INFO 33957 --- [XNIO-1 I/O-4] lavalink.server.io.SocketServer          : {"op": "play", "guildId": "786026725968314389", "track": "QAAAhQIAHkd1aWx0eSBDcm93biAtIM6yzq/Ov8+CIC8gQmlvcwANU29uaWMgJiBTbmFrZQAAAAAABHxwAAtVTUNrYV92WHRMNAABACtodHRwczovL3d3dy55b3V0dWJlLmNvbS93YXRjaD92PVVNQ2thX3ZYdEw0AAd5b3V0dWJlAAAAAAAAAAA=", "noReplace": false, "startTime": "0"}
2022-01-08 16:31:53.384  INFO 33957 --- [XNIO-1 I/O-4] lavalink.server.io.SocketServer          : {"op": "play", "guildId": "786026725968314389", "track": "QAAAigIAI0thYmFuZXJpIC0gV2FyY3J5IC0gSGlyb3l1a2kgU2F3YW5vAA1ZdWtpaGltZSBOYXJpAAAAAAADtTgAC3dTYkVzaWdYM2pVAAEAK2h0dHBzOi8vd3d3LnlvdXR1YmUuY29tL3dhdGNoP3Y9d1NiRXNpZ1gzalUAB3lvdXR1YmUAAAAAAAAAAA==", "noReplace": false, "startTime": "0"}
2022-01-08 16:31:53.387  INFO 33957 --- [XNIO-1 I/O-4] lavalink.server.io.SocketServer          : {"op": "play", "guildId": "786026725968314389", "track": "QAAAhAIAIEFnYWluc3QsIFBlcmZlY3QgQ2hlcnJ5IEJsb3Nzb20uAApuYWNoaW11c2ljAAAAAAAFN/AAC3lfa2ZSRjhVWk04AAEAK2h0dHBzOi8vd3d3LnlvdXR1YmUuY29tL3dhdGNoP3Y9eV9rZlJGOFVaTTgAB3lvdXR1YmUAAAAAAAAAAA==", "noReplace": false, "startTime": "0"}
2022-01-08 16:31:53.401  INFO 33957 --- [XNIO-1 I/O-4] lavalink.server.io.SocketServer          : {"op": "play", "guildId": "786026725968314389", "track": "QAAAlwIAEVNheXVyaSAtIE1pa2F6dWtpACzphbjmrKDlsJHlpbMg44GV44Om44KKKFNhbmtldHN1LWdpcmwgU2F5dXJpKQAAAAAABCKYAAs2NUJBZURwd3pHWQABACtodHRwczovL3d3dy55b3V0dWJlLmNvbS93YXRjaD92PTY1QkFlRHB3ekdZAAd5b3V0dWJlAAAAAAAAAAA=", "noReplace": false, "startTime": "0"}
2022-01-08 16:31:53.406  INFO 33957 --- [XNIO-1 I/O-4] lavalink.server.io.SocketServer          : {"op": "play", "guildId": "786026725968314389", "track": "QAAAmQIAN+OBn+OBo+OBn++8keOBpOOBruaDs+OBhCAtS09LSUEgICAgVGF0dGEgSGl0b3RzdW5vIE9tb2kACFRyaWVsYSBfAAAAAAADwPAACy1IbjVmY2R6MS1JAAEAK2h0dHBzOi8vd3d3LnlvdXR1YmUuY29tL3dhdGNoP3Y9LUhuNWZjZHoxLUkAB3lvdXR1YmUAAAAAAAAAAA==", "noReplace": false, "startTime": "0"}
2022-01-08 16:31:53.410  INFO 33957 --- [XNIO-1 I/O-4] lavalink.server.io.SocketServer          : {"op": "play", "guildId": "786026725968314389", "track": "QAAArwIARk5vLjAxMuOAgOW5uOelnCAtS09LTy0g44CMdGhlIGxhc3QgYnVsbGV044CN44CQT2ZmaWNpYWwgTXVzaWMgVmlkZW/jgJEAD+W5uOelnCAtIEtPS08gLQAAAAAAA61oAAtTbjFpZUJPTEdCMAABACtodHRwczovL3d3dy55b3V0dWJlLmNvbS93YXRjaD92PVNuMWllQk9MR0IwAAd5b3V0dWJlAAAAAAAAAAA=", "noReplace": false, "startTime": "0"}
2022-01-08 16:31:53.411  INFO 33957 --- [XNIO-1 I/O-4] lavalink.server.io.SocketServer          : {"op": "play", "guildId": "786026725968314389", "track": "QAAAsQIASOW5uOelnCBOby4wMDXjgIzjgZPjga7kuJbnlYzjgavlj6PjgaXjgZHjgpLjgI3jgJBPZmZpY2lhbCBNdXNpYyBWaWRlb+OAkQAP5bm456WcIC0gS09LTyAtAAAAAAADNFAAC21aS2RRSE1KX01BAAEAK2h0dHBzOi8vd3d3LnlvdXR1YmUuY29tL3dhdGNoP3Y9bVpLZFFITUpfTUEAB3lvdXR1YmUAAAAAAAAAAA==", "noReplace": false, "startTime": "0"}
2022-01-08 16:31:53.412  INFO 33957 --- [XNIO-1 I/O-4] lavalink.server.io.SocketServer          : {"op": "play", "guildId": "786026725968314389", "track": "QAAAngIANeOAkOatjOOBo+OBpuOBv+OBn+OAkWJ5IHlvdXIgc2lkZSAvIGNvdmVyZWQgYnkg5bm456WcAA/lubjnpZwgLSBLT0tPIC0AAAAAAAQDWAALOUUyc1poTXBPUzQAAQAraHR0cHM6Ly93d3cueW91dHViZS5jb20vd2F0Y2g/dj05RTJzWmhNcE9TNAAHeW91dHViZQAAAAAAAAAA", "noReplace": false, "startTime": "0"}
2022-01-08 16:31:53.413  INFO 33957 --- [XNIO-1 I/O-4] lavalink.server.io.SocketServer          : {"op": "play", "guildId": "786026725968314389", "track": "QAAAdQIAD0tva2lhIC0gU3Bpcml0cwAMTEVPTkFSRCAgIEZGAAAAAAAEcLgAC1dwVTh5SmdsazRFAAEAK2h0dHBzOi8vd3d3LnlvdXR1YmUuY29tL3dhdGNoP3Y9V3BVOHlKZ2xrNEUAB3lvdXR1YmUAAAAAAAAAAA==", "noReplace": false, "startTime": "0"}
2022-01-08 16:31:53.415  INFO 33957 --- [XNIO-1 I/O-4] lavalink.server.io.SocketServer          : {"op": "play", "guildId": "786026725968314389", "track": "QAAAcgIAD0tva2lhIC0gU3Bpcml0cwAJaGFjaGlrbGF1AAAAAAAEfHAACzlqdnBRRGR6bzNzAAEAK2h0dHBzOi8vd3d3LnlvdXR1YmUuY29tL3dhdGNoP3Y9OWp2cFFEZHpvM3MAB3lvdXR1YmUAAAAAAAAAAA==", "noReplace": false, "startTime": "0"}
2022-01-08 16:31:53.417  INFO 33957 --- [XNIO-1 I/O-4] lavalink.server.io.SocketServer          : {"op": "play", "guildId": "786026725968314389", "track": "QAAAqwIAQU1lbGlzc2EgLSBGdWxsIE1ldGFsIEFsY2hlbWlzdCAoT3BlbmluZykgW0x5cmljcyBhbmQgc3ViLWVuZ2xpc2hdABBPbmx5IEZyZWUgU291bmRzAAAAAAAEGsgAC1l6SmNCcTB4dWZJAAEAK2h0dHBzOi8vd3d3LnlvdXR1YmUuY29tL3dhdGNoP3Y9WXpKY0JxMHh1ZkkAB3lvdXR1YmUAAAAAAAAAAA==", "noReplace": false, "startTime": "0"}
2022-01-08 16:31:53.419  INFO 33957 --- [XNIO-1 I/O-4] lavalink.server.io.SocketServer          : {"op": "play", "guildId": "786026725968314389", "track": "QAAAnQIAOUpVU1QgQVdBS0UgLyBGZWFyIGFuZCBMb2F0aGluZyBpbiBMYXMgVmVnYXMgKEphcGFuZXNlIEhRKQAKbXkgZXNzZW5jZQAAAAAAA1tgAAtEVTV1bnlyVDBZWQABACtodHRwczovL3d3dy55b3V0dWJlLmNvbS93YXRjaD92PURVNXVueXJUMFlZAAd5b3V0dWJlAAAAAAAAAAA=", "noReplace": false, "startTime": "0"}
2022-01-08 16:31:53.421  INFO 33957 --- [XNIO-1 I/O-4] lavalink.server.io.SocketServer          : {"op": "play", "guildId": "786026725968314389", "track": "QAAAhwIAD0FpbWVyIC0gTmluZWxpZQAeQWltZXIgT2ZmaWNpYWwgWW91VHViZSBDaGFubmVsAAAAAAAEMjgAC2dOMjRXX3BzTXBFAAEAK2h0dHBzOi8vd3d3LnlvdXR1YmUuY29tL3dhdGNoP3Y9Z04yNFdfcHNNcEUAB3lvdXR1YmUAAAAAAAAAAA==", "noReplace": false, "startTime": "0"}
2022-01-08 16:31:53.424  INFO 33957 --- [XNIO-1 I/O-4] lavalink.server.io.SocketServer          : {"op": "play", "guildId": "786026725968314389", "track": "QAAAugIAWU1vbmdyYWFsICAgU3dpbmcgICBTd2luZyAgIFN3aW5nISEhIW9yICAgU2hpbmcgICBTaGluZyAgIFNoaW5nISEhPyBtZW1lIE1vbmdyYWFsIHZzICByYWdlAAc3MTEgS2VuAAAAAAAC9dAAC1U2YzlRS0pTRGxzAAEAK2h0dHBzOi8vd3d3LnlvdXR1YmUuY29tL3dhdGNoP3Y9VTZjOVFLSlNEbHMAB3lvdXR1YmUAAAAAAAAAAA==", "noReplace": false, "startTime": "0"}
2022-01-08 16:31:53.425  INFO 33957 --- [XNIO-1 I/O-4] lavalink.server.io.SocketServer          : {"op": "play", "guildId": "786026725968314389", "track": "QAAAmwIAOEhvd2llIERheSAtIENvbGxpZGUgKFZpZGVvIHcvIENocmlzIExvcmQtQWxnZSBNaXggQXVkaW8pAAlIb3dpZSBEYXkAAAAAAAPIwAALY2E5dWI5cnBOSzQAAQAraHR0cHM6Ly93d3cueW91dHViZS5jb20vd2F0Y2g/dj1jYTl1YjlycE5LNAAHeW91dHViZQAAAAAAAAAA", "noReplace": false, "startTime": "0"}
2022-01-08 16:31:53.427  INFO 33957 --- [XNIO-1 I/O-4] lavalink.server.io.SocketServer          : {"op": "play", "guildId": "786026725968314389", "track": "QAAAlQIAKkZpdmUgZm9yIEZpZ2h0aW5nIC0gMTAwIFllYXJzOiBNdXNpYyBWaWRlbwARRml2ZSBGb3IgRmlnaHRpbmcAAAAAAAO1OAALdFItcVFjTlRfZlkAAQAraHR0cHM6Ly93d3cueW91dHViZS5jb20vd2F0Y2g/dj10Ui1xUWNOVF9mWQAHeW91dHViZQAAAAAAAAAA", "noReplace": false, "startTime": "0"}
2022-01-08 16:31:53.429  INFO 33957 --- [XNIO-1 I/O-4] lavalink.server.io.SocketServer          : {"op": "play", "guildId": "786026725968314389", "track": "QAAAlwIALEZpdmUgZm9yIEZpZ2h0aW5nIC0gU3VwZXJtYW4gKEl0J3MgTm90IEVhc3kpABFGaXZlIEZvciBGaWdodGluZwAAAAAAA1d4AAtHUno0RlkwWmN3SQABACtodHRwczovL3d3dy55b3V0dWJlLmNvbS93YXRjaD92PUdSejRGWTBaY3dJAAd5b3V0dWJlAAAAAAAAAAA=", "noReplace": false, "startTime": "0"}
2022-01-08 16:31:53.443  INFO 33957 --- [XNIO-1 I/O-4] lavalink.server.io.SocketServer          : {"op": "play", "guildId": "786026725968314389", "track": "QAAAmgIAM0RhbmllbCBQb3d0ZXIgLSBCYWQgRGF5IChPZmZpY2lhbCBNdXNpYyBWaWRlbykgW0hEXQANRGFuaWVsIFBvd3RlcgAAAAAAA36IAAtnSDQ3NkN4SnhmZwABACtodHRwczovL3d3dy55b3V0dWJlLmNvbS93YXRjaD92PWdINDc2Q3hKeGZnAAd5b3V0dWJlAAAAAAAAAAA=", "noReplace": false, "startTime": "0"}
2022-01-08 16:31:53.448  INFO 33957 --- [XNIO-1 I/O-4] lavalink.server.io.SocketServer          : {"op": "play", "guildId": "786026725968314389", "track": "QAAAewIAHkpvcmRhbiBDbGFya2UgLSBmcmVha3MgKGx5cmljKQADS0hCAAAAAAACt1AAC1lic01VMHFRVHk0AAEAK2h0dHBzOi8vd3d3LnlvdXR1YmUuY29tL3dhdGNoP3Y9WWJzTVUwcVFUeTQAB3lvdXR1YmUAAAAAAAAAAA==", "noReplace": false, "startTime": "0"}
2022-01-08 16:31:53.449  INFO 33957 --- [XNIO-1 I/O-4] lavalink.server.io.SocketServer          : {"op": "play", "guildId": "786026725968314389", "track": "QAAAmAIAL1NlbWlzb25pYyAtIENsb3NpbmcgVGltZSAoT2ZmaWNpYWwgTXVzaWMgVmlkZW8pAA9VUyBNdXNpYyBOYXRpb24AAAAAAAOOKAALeEd5dERzcWtRWTgAAQAraHR0cHM6Ly93d3cueW91dHViZS5jb20vd2F0Y2g/dj14R3l0RHNxa1FZOAAHeW91dHViZQAAAAAAAAAA", "noReplace": false, "startTime": "0"}
2022-01-08 16:31:53.454  INFO 33957 --- [XNIO-1 I/O-4] lavalink.server.io.SocketServer          : {"op": "play", "guildId": "786026725968314389", "track": "QAAAkgIAK0dvbyBHb28gRG9sbHMgLSBJcmlzIFtPZmZpY2lhbCBNdXNpYyBWaWRlb10ADUdvbyBHb28gRG9sbHMAAAAAAANLwAALTmRZV3VvOU9GQXcAAQAraHR0cHM6Ly93d3cueW91dHViZS5jb20vd2F0Y2g/dj1OZFlXdW85T0ZBdwAHeW91dHViZQAAAAAAAAAA", "noReplace": false, "startTime": "0"}
2022-01-08 16:31:53.456  INFO 33957 --- [XNIO-1 I/O-4] lavalink.server.io.SocketServer          : {"op": "play", "guildId": "786026725968314389", "track": "QAAAmgIANjMgRG9vcnMgRG93biAtIEhlcmUgV2l0aG91dCBZb3UgKE9mZmljaWFsIE11c2ljIFZpZGVvKQAKM2Rvb3JzZG93bgAAAAAAA5ngAAtrUEJ6VHhaUUc1UQABACtodHRwczovL3d3dy55b3V0dWJlLmNvbS93YXRjaD92PWtQQnpUeFpRRzVRAAd5b3V0dWJlAAAAAAAAAAA=", "noReplace": false, "startTime": "0"}
2022-01-08 16:31:53.460  INFO 33957 --- [XNIO-1 I/O-4] lavalink.server.io.SocketServer          : {"op": "play", "guildId": "786026725968314389", "track": "QAAAoAIAPUdyZWVuIERheSAtIEJvdWxldmFyZCBPZiBCcm9rZW4gRHJlYW1zIFtPZmZpY2lhbCBNdXNpYyBWaWRlb10ACUdyZWVuIERheQAAAAAABGUAAAtTb2EzZ083dEwtYwABACtodHRwczovL3d3dy55b3V0dWJlLmNvbS93YXRjaD92PVNvYTNnTzd0TC1jAAd5b3V0dWJlAAAAAAAAAAA=", "noReplace": false, "startTime": "0"}
2022-01-08 16:31:53.463  INFO 33957 --- [XNIO-1 I/O-4] lavalink.server.io.SocketServer          : {"op": "play", "guildId": "786026725968314389", "track": "QAAAjQIAK093bCBDaXR5IC0gRmlyZWZsaWVzIChPZmZpY2lhbCBNdXNpYyBWaWRlbykACE93bCBDaXR5AAAAAAADjigAC3BzdVJHZkFhanU0AAEAK2h0dHBzOi8vd3d3LnlvdXR1YmUuY29tL3dhdGNoP3Y9cHN1UkdmQWFqdTQAB3lvdXR1YmUAAAAAAAAAAA==", "noReplace": false, "startTime": "0"}
